2025-02-20 14:06:29,214 INFO: Args:
!!python/object:argparse.Namespace
batch_size: 64
csv_file: null
data_path: tmp/tantillo_data/input_tantillo_hidden.pkl
debug: false
delta_ML: false
dropout: 0.0
ensemble_size: 4
features:
- mol1_hidden
- rad2_hidden
- rad_atom2_hidden
gpu: true
hidden_size: 256
host: 127.0.0.1
layers: 0
learning_rate: 0.0277
lr_ratio: 0.95
max_epochs: 100
mode: client
port: 57546
pred_file: null
random_state: 0
rxn_id_column: rxn_id
save_dir: tmp/cv_tantillo_data
splits:
- 80
- 10
- 10
target_column: DFT_Barrier
test_set_path: tmp/tantillo_data/input_steroids_tantillo_hidden.pkl
train_valid_set_path: null
trained_dir: null
transfer_learning: false

2025-02-20 14:06:29,214 INFO: Training of model 0 started...
2025-02-20 14:06:29,229 INFO: Train, val, test: (16, 2, 6)
2025-02-20 14:06:33,959 INFO: Training of model 1 started...
2025-02-20 14:06:33,972 INFO: Train, val, test: (16, 2, 6)
2025-02-20 14:06:36,004 INFO: Training of model 2 started...
2025-02-20 14:06:36,017 INFO: Train, val, test: (16, 2, 6)
2025-02-20 14:06:36,231 INFO: Training of model 3 started...
2025-02-20 14:06:36,250 INFO: Train, val, test: (16, 2, 6)
2025-02-20 14:06:41,227 INFO: RMSE for upper-bound prediction - DFT_Barrier: 1.262896334206153
MAE for upper-bound prediction - DFT_Barrier: 1.140453742638513
R2 for upper-bound prediction - DFT_Barrier: 0.29283560322777136
2025-02-20 14:15:56,307 INFO: Args:
!!python/object:argparse.Namespace
batch_size: 64
csv_file: null
data_path: tmp/tantillo_data/input_tantillo_hidden.pkl
debug: false
delta_ML: false
dropout: 0.0
ensemble_size: 4
features:
- mol1_hidden
- rad2_hidden
- rad_atom2_hidden
gpu: true
hidden_size: 4
host: 127.0.0.1
layers: 0
learning_rate: 0.0277
lr_ratio: 0.95
max_epochs: 100
mode: client
port: 57546
pred_file: null
random_state: 0
rxn_id_column: rxn_id
save_dir: tmp/cv_tantillo_data
splits:
- 80
- 10
- 10
target_column: DFT_Barrier
test_set_path: tmp/tantillo_data/input_steroids_tantillo_hidden.pkl
train_valid_set_path: null
trained_dir: null
transfer_learning: false

2025-02-20 14:15:56,307 INFO: Training of model 0 started...
2025-02-20 14:15:56,322 INFO: Train, val, test: (16, 2, 6)
2025-02-20 14:15:59,763 INFO: Training of model 1 started...
2025-02-20 14:15:59,776 INFO: Train, val, test: (16, 2, 6)
2025-02-20 14:16:00,549 INFO: Training of model 2 started...
2025-02-20 14:16:00,562 INFO: Train, val, test: (16, 2, 6)
2025-02-20 14:16:00,637 INFO: Training of model 3 started...
2025-02-20 14:16:00,650 INFO: Train, val, test: (16, 2, 6)
2025-02-20 14:16:01,427 INFO: RMSE for upper-bound prediction - DFT_Barrier: 1.4892301087413817
MAE for upper-bound prediction - DFT_Barrier: 1.35092167648192
R2 for upper-bound prediction - DFT_Barrier: 0.016648922020829238
2025-02-20 14:16:37,174 INFO: Args:
!!python/object:argparse.Namespace
batch_size: 64
csv_file: null
data_path: tmp/tantillo_data/input_tantillo_hidden.pkl
debug: false
delta_ML: false
dropout: 0.0
ensemble_size: 4
features:
- mol1_hidden
- rad2_hidden
- rad_atom2_hidden
gpu: true
hidden_size: 128
host: 127.0.0.1
layers: 0
learning_rate: 0.0277
lr_ratio: 0.95
max_epochs: 100
mode: client
port: 57546
pred_file: null
random_state: 0
rxn_id_column: rxn_id
save_dir: tmp/cv_tantillo_data
splits:
- 80
- 10
- 10
target_column: DFT_Barrier
test_set_path: tmp/tantillo_data/input_steroids_tantillo_hidden.pkl
train_valid_set_path: null
trained_dir: null
transfer_learning: false

2025-02-20 14:16:37,174 INFO: Training of model 0 started...
2025-02-20 14:16:37,189 INFO: Train, val, test: (16, 2, 6)
2025-02-20 14:16:42,847 INFO: Training of model 1 started...
2025-02-20 14:16:42,860 INFO: Train, val, test: (16, 2, 6)
2025-02-20 14:16:45,876 INFO: Training of model 2 started...
2025-02-20 14:16:45,888 INFO: Train, val, test: (16, 2, 6)
2025-02-20 14:16:46,011 INFO: Training of model 3 started...
2025-02-20 14:16:46,023 INFO: Train, val, test: (16, 2, 6)
2025-02-20 14:16:49,019 INFO: RMSE for upper-bound prediction - DFT_Barrier: 1.3413727054165827
MAE for upper-bound prediction - DFT_Barrier: 1.1856683442062936
R2 for upper-bound prediction - DFT_Barrier: 0.20221859014447485
2025-02-20 14:17:26,483 INFO: Args:
!!python/object:argparse.Namespace
batch_size: 64
csv_file: null
data_path: tmp/tantillo_data/input_tantillo_hidden.pkl
debug: false
delta_ML: false
dropout: 0.0
ensemble_size: 4
features:
- mol1_hidden
- rad2_hidden
- rad_atom2_hidden
gpu: true
hidden_size: 512
host: 127.0.0.1
layers: 0
learning_rate: 0.0277
lr_ratio: 0.95
max_epochs: 100
mode: client
port: 57546
pred_file: null
random_state: 0
rxn_id_column: rxn_id
save_dir: tmp/cv_tantillo_data
splits:
- 80
- 10
- 10
target_column: DFT_Barrier
test_set_path: tmp/tantillo_data/input_steroids_tantillo_hidden.pkl
train_valid_set_path: null
trained_dir: null
transfer_learning: false

2025-02-20 14:17:26,484 INFO: Training of model 0 started...
2025-02-20 14:17:26,499 INFO: Train, val, test: (16, 2, 6)
2025-02-20 14:17:31,515 INFO: Training of model 1 started...
2025-02-20 14:17:31,527 INFO: Train, val, test: (16, 2, 6)
2025-02-20 14:17:33,444 INFO: Training of model 2 started...
2025-02-20 14:17:33,456 INFO: Train, val, test: (16, 2, 6)
2025-02-20 14:17:33,671 INFO: Training of model 3 started...
2025-02-20 14:17:33,683 INFO: Train, val, test: (16, 2, 6)
2025-02-20 14:17:34,960 INFO: RMSE for upper-bound prediction - DFT_Barrier: 1.3943687745809794
MAE for upper-bound prediction - DFT_Barrier: 1.1989707750047227
R2 for upper-bound prediction - DFT_Barrier: 0.13793447124680236
2025-02-20 14:18:20,280 INFO: Args:
!!python/object:argparse.Namespace
batch_size: 64
csv_file: null
data_path: tmp/tantillo_data/input_tantillo_hidden.pkl
debug: false
delta_ML: false
dropout: 0.0
ensemble_size: 4
features:
- mol1_hidden
- rad2_hidden
- rad_atom2_hidden
gpu: true
hidden_size: 256
host: 127.0.0.1
layers: 0
learning_rate: 0.0277
lr_ratio: 0.95
max_epochs: 100
mode: client
port: 57546
pred_file: null
random_state: 0
rxn_id_column: rxn_id
save_dir: tmp/cv_tantillo_data
splits:
- 80
- 10
- 10
target_column: DFT_Barrier
test_set_path: tmp/tantillo_data/input_steroids_tantillo_hidden.pkl
train_valid_set_path: null
trained_dir: null
transfer_learning: false

2025-02-20 14:18:20,280 INFO: Training of model 0 started...
2025-02-20 14:18:20,295 INFO: Train, val, test: (16, 2, 6)
2025-02-20 14:18:25,046 INFO: Training of model 1 started...
2025-02-20 14:18:25,059 INFO: Train, val, test: (16, 2, 6)
2025-02-20 14:18:27,049 INFO: Training of model 2 started...
2025-02-20 14:18:27,062 INFO: Train, val, test: (16, 2, 6)
2025-02-20 14:18:27,228 INFO: Training of model 3 started...
2025-02-20 14:18:27,241 INFO: Train, val, test: (16, 2, 6)
2025-02-20 14:18:32,161 INFO: RMSE for upper-bound prediction - DFT_Barrier: 1.262896334206153
MAE for upper-bound prediction - DFT_Barrier: 1.140453742638513
R2 for upper-bound prediction - DFT_Barrier: 0.29283560322777136
2025-02-20 14:19:16,242 INFO: Args:
!!python/object:argparse.Namespace
batch_size: 64
csv_file: null
data_path: tmp/tantillo_data/input_tantillo_hidden.pkl
debug: false
delta_ML: false
dropout: 0.0
ensemble_size: 4
features:
- mol1_hidden
- rad2_hidden
- rad_atom2_hidden
gpu: true
hidden_size: 200
host: 127.0.0.1
layers: 0
learning_rate: 0.0277
lr_ratio: 0.95
max_epochs: 100
mode: client
port: 57546
pred_file: null
random_state: 0
rxn_id_column: rxn_id
save_dir: tmp/cv_tantillo_data
splits:
- 80
- 10
- 10
target_column: DFT_Barrier
test_set_path: tmp/tantillo_data/input_steroids_tantillo_hidden.pkl
train_valid_set_path: null
trained_dir: null
transfer_learning: false

2025-02-20 14:19:16,242 INFO: Training of model 0 started...
2025-02-20 14:19:16,257 INFO: Train, val, test: (16, 2, 6)
2025-02-20 14:19:22,931 INFO: Training of model 1 started...
2025-02-20 14:19:22,943 INFO: Train, val, test: (16, 2, 6)
2025-02-20 14:19:25,060 INFO: Training of model 2 started...
2025-02-20 14:19:25,073 INFO: Train, val, test: (16, 2, 6)
2025-02-20 14:19:25,213 INFO: Training of model 3 started...
2025-02-20 14:19:25,225 INFO: Train, val, test: (16, 2, 6)
2025-02-20 14:19:29,194 INFO: RMSE for upper-bound prediction - DFT_Barrier: 1.2811666287971661
MAE for upper-bound prediction - DFT_Barrier: 1.1535680137378295
R2 for upper-bound prediction - DFT_Barrier: 0.27222653355019366
2025-02-20 14:23:32,042 INFO: Args:
!!python/object:argparse.Namespace
batch_size: 64
csv_file: null
data_path: tmp/tantillo_data/input_tantillo_hidden.pkl
debug: false
delta_ML: false
dropout: 0.0
ensemble_size: 4
features:
- mol1_hidden
- rad2_hidden
- rad_atom2_hidden
gpu: true
hidden_size: 256
host: 127.0.0.1
layers: 0
learning_rate: 0.0277
lr_ratio: 0.95
max_epochs: 100
mode: client
port: 57546
pred_file: null
random_state: 0
rxn_id_column: rxn_id
save_dir: tmp/cv_tantillo_data
splits:
- 80
- 10
- 10
target_column: DFT_Barrier
test_set_path: tmp/tantillo_data/input_steroids_tantillo_hidden.pkl
train_valid_set_path: null
trained_dir: tmp/cv_in-house_data/fold_0
transfer_learning: true

2025-02-20 14:23:32,042 INFO: Training of model 0 started...
2025-02-20 14:23:32,057 INFO: Train, val, test: (16, 2, 6)
2025-02-20 14:23:35,846 INFO: Training of model 1 started...
2025-02-20 14:23:35,859 INFO: Train, val, test: (16, 2, 6)
2025-02-20 14:23:36,213 INFO: Training of model 2 started...
2025-02-20 14:23:36,225 INFO: Train, val, test: (16, 2, 6)
2025-02-20 14:23:36,419 INFO: Training of model 3 started...
2025-02-20 14:23:36,431 INFO: Train, val, test: (16, 2, 6)
2025-02-20 14:23:38,055 INFO: RMSE for upper-bound prediction - DFT_Barrier: 1.6659555817583007
MAE for upper-bound prediction - DFT_Barrier: 1.3808041506994828
R2 for upper-bound prediction - DFT_Barrier: -0.23058556933741614
2025-02-20 14:33:01,333 INFO: Args:
!!python/object:argparse.Namespace
batch_size: 64
csv_file: null
data_path: tmp/tantillo_data/input_tantillo_hidden.pkl
debug: false
delta_ML: false
dropout: 0.0
ensemble_size: 4
features:
- mol1_hidden
- rad2_hidden
- rad_atom2_hidden
gpu: true
hidden_size: 256
host: 127.0.0.1
layers: 0
learning_rate: 0.0277
lr_ratio: 0.95
max_epochs: 100
mode: client
port: 57546
pred_file: null
random_state: 0
rxn_id_column: rxn_id
save_dir: tmp/cv_tantillo_data
splits:
- 80
- 10
- 10
target_column: DFT_Barrier
test_set_path: tmp/tantillo_data/input_steroids_tantillo_hidden.pkl
train_valid_set_path: null
trained_dir: null
transfer_learning: false

2025-02-20 14:33:01,333 INFO: Training of model 0 started...
2025-02-20 14:33:01,348 INFO: Train, val, test: (16, 2, 6)
2025-02-20 14:33:05,972 INFO: Training of model 1 started...
2025-02-20 14:33:05,985 INFO: Train, val, test: (16, 2, 6)
2025-02-20 14:33:07,830 INFO: Training of model 2 started...
2025-02-20 14:33:07,842 INFO: Train, val, test: (16, 2, 6)
2025-02-20 14:33:08,005 INFO: Training of model 3 started...
2025-02-20 14:33:08,017 INFO: Train, val, test: (16, 2, 6)
2025-02-20 14:33:12,574 INFO: RMSE for upper-bound prediction - DFT_Barrier: 1.262896334206153
MAE for upper-bound prediction - DFT_Barrier: 1.140453742638513
R2 for upper-bound prediction - DFT_Barrier: 0.29283560322777136
2025-02-20 14:36:32,383 INFO: Args:
!!python/object:argparse.Namespace
batch_size: 64
csv_file: null
data_path: tmp/tantillo_data/input_tantillo_hidden.pkl
debug: false
delta_ML: false
dropout: 0.0
ensemble_size: 4
features:
- mol1_hidden
- rad2_hidden
- rad_atom2_hidden
gpu: true
hidden_size: 256
host: 127.0.0.1
layers: 1
learning_rate: 0.0277
lr_ratio: 0.95
max_epochs: 100
mode: client
port: 57546
pred_file: null
random_state: 0
rxn_id_column: rxn_id
save_dir: tmp/cv_tantillo_data
splits:
- 80
- 10
- 10
target_column: DFT_Barrier
test_set_path: tmp/tantillo_data/input_steroids_tantillo_hidden.pkl
train_valid_set_path: null
trained_dir: null
transfer_learning: false

2025-02-20 14:36:32,384 INFO: Training of model 0 started...
2025-02-20 14:36:32,399 INFO: Train, val, test: (16, 2, 6)
2025-02-20 14:36:36,844 INFO: Training of model 1 started...
2025-02-20 14:36:36,857 INFO: Train, val, test: (16, 2, 6)
2025-02-20 14:36:38,064 INFO: Training of model 2 started...
2025-02-20 14:36:38,077 INFO: Train, val, test: (16, 2, 6)
2025-02-20 14:36:38,247 INFO: Training of model 3 started...
2025-02-20 14:36:38,259 INFO: Train, val, test: (16, 2, 6)
2025-02-20 14:36:39,521 INFO: RMSE for upper-bound prediction - DFT_Barrier: 1.3361537725856758
MAE for upper-bound prediction - DFT_Barrier: 1.1872912714200696
R2 for upper-bound prediction - DFT_Barrier: 0.20841443399146709
