2025-02-20 13:44:07,252 INFO: Args:
!!python/object:argparse.Namespace
batch_size: 64
csv_file: null
data_path: tmp/input_ffnn_hidden.pkl
debug: false
delta_ML: false
dropout: 0.0
ensemble_size: 4
features:
- rad_atom1_hidden
- rad_atom2_hidden
gpu: true
hidden_size: 1024
host: 127.0.0.1
k_fold: 10
layers: 1
learning_rate: 0.0277
lr_ratio: 0.95
max_epochs: 100
mode: client
port: 57546
pred_file: null
random_state: 0
rxn_id_column: rxn_id
sample: null
save_dir: tmp/cv_bietti_data
splits:
- 80
- 10
- 10
target_column: gibbs_exp
test_set_path: null
train_valid_set_path: null
trained_dir: null
transfer_learning: false

2025-02-20 13:44:07,252 INFO: Training the 0th iteration...
2025-02-20 13:44:07,253 INFO: Training of model 0 started...
2025-02-20 13:44:07,254 INFO:  Size train set: 36 - size validation set: 5 - size test set: 4
2025-02-20 13:44:11,976 INFO: Training of model 1 started...
2025-02-20 13:44:11,977 INFO:  Size train set: 36 - size validation set: 5 - size test set: 4
2025-02-20 13:44:13,450 INFO: Training of model 2 started...
2025-02-20 13:44:13,451 INFO:  Size train set: 36 - size validation set: 5 - size test set: 4
2025-02-20 13:44:14,753 INFO: Training of model 3 started...
2025-02-20 13:44:14,754 INFO:  Size train set: 36 - size validation set: 5 - size test set: 4
2025-02-20 13:44:16,720 INFO: success rate for iter 0 - activation energy: 0.4576849425914883, 0.4463739493784311, 0.9155978819743242
2025-02-20 13:44:16,720 INFO: Training the 1th iteration...
2025-02-20 13:44:16,720 INFO: Training of model 0 started...
2025-02-20 13:44:16,721 INFO:  Size train set: 36 - size validation set: 4 - size test set: 5
2025-02-20 13:44:18,211 INFO: Training of model 1 started...
2025-02-20 13:44:18,212 INFO:  Size train set: 36 - size validation set: 4 - size test set: 5
2025-02-20 13:44:21,212 INFO: Training of model 2 started...
2025-02-20 13:44:21,213 INFO:  Size train set: 36 - size validation set: 4 - size test set: 5
2025-02-20 13:44:23,373 INFO: Training of model 3 started...
2025-02-20 13:44:23,374 INFO:  Size train set: 36 - size validation set: 4 - size test set: 5
2025-02-20 13:44:25,166 INFO: success rate for iter 1 - activation energy: 0.7697286353124959, 0.5687824382949616, 0.766739302354316
2025-02-20 13:44:25,166 INFO: Training the 2th iteration...
2025-02-20 13:44:25,166 INFO: Training of model 0 started...
2025-02-20 13:44:25,167 INFO:  Size train set: 36 - size validation set: 5 - size test set: 4
2025-02-20 13:44:27,880 INFO: Training of model 1 started...
2025-02-20 13:44:27,882 INFO:  Size train set: 36 - size validation set: 5 - size test set: 4
2025-02-20 13:44:30,826 INFO: Training of model 2 started...
2025-02-20 13:44:30,827 INFO:  Size train set: 36 - size validation set: 5 - size test set: 4
2025-02-20 13:44:32,571 INFO: Training of model 3 started...
2025-02-20 13:44:32,573 INFO:  Size train set: 36 - size validation set: 5 - size test set: 4
2025-02-20 13:44:34,193 INFO: success rate for iter 2 - activation energy: 0.8083038416158134, 0.6254947449865886, 0.6619119791095047
2025-02-20 13:44:34,193 INFO: Training the 3th iteration...
2025-02-20 13:44:34,194 INFO: Training of model 0 started...
2025-02-20 13:44:34,195 INFO:  Size train set: 36 - size validation set: 4 - size test set: 5
2025-02-20 13:44:35,608 INFO: Training of model 1 started...
2025-02-20 13:44:35,609 INFO:  Size train set: 36 - size validation set: 4 - size test set: 5
2025-02-20 13:44:37,778 INFO: Training of model 2 started...
2025-02-20 13:44:37,779 INFO:  Size train set: 36 - size validation set: 4 - size test set: 5
2025-02-20 13:44:39,362 INFO: Training of model 3 started...
2025-02-20 13:44:39,363 INFO:  Size train set: 36 - size validation set: 4 - size test set: 5
2025-02-20 13:44:41,018 INFO: success rate for iter 3 - activation energy: 0.387994621052291, 0.3239664665536569, -0.37353855807947767
2025-02-20 13:44:41,019 INFO: Training the 4th iteration...
2025-02-20 13:44:41,019 INFO: Training of model 0 started...
2025-02-20 13:44:41,020 INFO:  Size train set: 36 - size validation set: 5 - size test set: 4
2025-02-20 13:44:42,631 INFO: Training of model 1 started...
2025-02-20 13:44:42,632 INFO:  Size train set: 36 - size validation set: 5 - size test set: 4
2025-02-20 13:44:44,072 INFO: Training of model 2 started...
2025-02-20 13:44:44,073 INFO:  Size train set: 36 - size validation set: 5 - size test set: 4
2025-02-20 13:44:45,455 INFO: Training of model 3 started...
2025-02-20 13:44:45,456 INFO:  Size train set: 36 - size validation set: 5 - size test set: 4
2025-02-20 13:44:46,840 INFO: success rate for iter 4 - activation energy: 0.7597792355795512, 0.7238930523465388, 0.6732850446025627
2025-02-20 13:44:46,840 INFO: Training the 5th iteration...
2025-02-20 13:44:46,841 INFO: Training of model 0 started...
2025-02-20 13:44:46,842 INFO:  Size train set: 36 - size validation set: 4 - size test set: 5
2025-02-20 13:44:48,596 INFO: Training of model 1 started...
2025-02-20 13:44:48,597 INFO:  Size train set: 36 - size validation set: 4 - size test set: 5
2025-02-20 13:44:50,687 INFO: Training of model 2 started...
2025-02-20 13:44:50,688 INFO:  Size train set: 36 - size validation set: 4 - size test set: 5
2025-02-20 13:44:52,227 INFO: Training of model 3 started...
2025-02-20 13:44:52,229 INFO:  Size train set: 36 - size validation set: 4 - size test set: 5
2025-02-20 13:44:53,801 INFO: success rate for iter 5 - activation energy: 0.36735102038185996, 0.3259877977668461, 0.9350717993766389
2025-02-20 13:44:53,801 INFO: Training the 6th iteration...
2025-02-20 13:44:53,801 INFO: Training of model 0 started...
2025-02-20 13:44:53,802 INFO:  Size train set: 36 - size validation set: 5 - size test set: 4
2025-02-20 13:44:55,352 INFO: Training of model 1 started...
2025-02-20 13:44:55,353 INFO:  Size train set: 36 - size validation set: 5 - size test set: 4
2025-02-20 13:44:56,388 INFO: Training of model 2 started...
2025-02-20 13:44:56,389 INFO:  Size train set: 36 - size validation set: 5 - size test set: 4
2025-02-20 13:44:57,566 INFO: Training of model 3 started...
2025-02-20 13:44:57,567 INFO:  Size train set: 36 - size validation set: 5 - size test set: 4
2025-02-20 13:44:58,763 INFO: success rate for iter 6 - activation energy: 0.21515927898724665, 0.17863360554553287, 0.9727183703370538
2025-02-20 13:44:58,763 INFO: Training the 7th iteration...
2025-02-20 13:44:58,763 INFO: Training of model 0 started...
2025-02-20 13:44:58,764 INFO:  Size train set: 36 - size validation set: 4 - size test set: 5
2025-02-20 13:45:00,311 INFO: Training of model 1 started...
2025-02-20 13:45:00,313 INFO:  Size train set: 36 - size validation set: 4 - size test set: 5
2025-02-20 13:45:02,593 INFO: Training of model 2 started...
2025-02-20 13:45:02,594 INFO:  Size train set: 36 - size validation set: 4 - size test set: 5
2025-02-20 13:45:04,132 INFO: Training of model 3 started...
2025-02-20 13:45:04,134 INFO:  Size train set: 36 - size validation set: 4 - size test set: 5
2025-02-20 13:45:05,146 INFO: success rate for iter 7 - activation energy: 0.5579357318293778, 0.4315109044910278, 0.8951736662001673
2025-02-20 13:45:05,147 INFO: Training the 8th iteration...
2025-02-20 13:45:05,147 INFO: Training of model 0 started...
2025-02-20 13:45:05,148 INFO:  Size train set: 36 - size validation set: 5 - size test set: 4
2025-02-20 13:45:06,744 INFO: Training of model 1 started...
2025-02-20 13:45:06,745 INFO:  Size train set: 36 - size validation set: 5 - size test set: 4
2025-02-20 13:45:07,779 INFO: Training of model 2 started...
2025-02-20 13:45:07,780 INFO:  Size train set: 36 - size validation set: 5 - size test set: 4
2025-02-20 13:45:09,560 INFO: Training of model 3 started...
2025-02-20 13:45:09,561 INFO:  Size train set: 36 - size validation set: 5 - size test set: 4
2025-02-20 13:45:10,977 INFO: success rate for iter 8 - activation energy: 0.4191483266608921, 0.37933797467778585, 0.8910056178409456
2025-02-20 13:45:10,977 INFO: Training the 9th iteration...
2025-02-20 13:45:10,977 INFO: Training of model 0 started...
2025-02-20 13:45:10,978 INFO:  Size train set: 36 - size validation set: 4 - size test set: 5
2025-02-20 13:45:12,938 INFO: Training of model 1 started...
2025-02-20 13:45:12,939 INFO:  Size train set: 36 - size validation set: 4 - size test set: 5
2025-02-20 13:45:14,697 INFO: Training of model 2 started...
2025-02-20 13:45:14,698 INFO:  Size train set: 36 - size validation set: 4 - size test set: 5
2025-02-20 13:45:16,113 INFO: Training of model 3 started...
2025-02-20 13:45:16,114 INFO:  Size train set: 36 - size validation set: 4 - size test set: 5
2025-02-20 13:45:17,167 INFO: success rate for iter 9 - activation energy: 1.041305402237455, 0.7091803509604437, -0.016801332266417335
2025-02-20 13:45:17,167 INFO: RMSE for 10-fold cross-validation - gibbs_exp: 0.5784391036248471
MAE for 10-fold cross-validation - gibbs_exp: 0.47131612850018134
R2 for 10-fold cross-validation - gibbs_exp: 0.6321163771449618
