2025-03-19 15:46:29,292 - INFO - =====Hidden size of M1: 100=====Dataset name: in_house=====
2025-03-19 15:47:09,545 - INFO - {'hidden': 0.153395108331225, 'desc': 0.079552772552483}
2025-03-19 15:47:10,380 - INFO - =====Hidden size of M1: 100=====Dataset name: omega=====
2025-03-19 15:47:21,630 - INFO - {'hidden': 0.16289417747060153, 'desc': 0.11375378923296953}
2025-03-19 15:47:22,438 - INFO - =====Hidden size of M1: 100=====Dataset name: omega_exp=====
2025-03-19 15:47:32,552 - INFO - {'hidden': 0.2518244598072573, 'desc': 0.16160203049555705}
2025-03-19 15:47:33,379 - INFO - =====Hidden size of M1: 100=====Dataset name: hong=====
2025-03-19 15:47:46,367 - INFO - {'hidden': 0.14249710014946487, 'desc': 0.07516557929356427}
2025-03-19 15:47:47,154 - INFO - =====Hidden size of M1: 100=====Dataset name: omega_bietti_hong=====
2025-03-19 15:47:57,306 - INFO - {'hidden': 0.26026750299751367, 'desc': 0.2702647357038317}
2025-03-19 15:47:58,094 - INFO - =====Hidden size of M1: 100=====Dataset name: tantillo=====
2025-03-19 15:48:07,657 - INFO - {'hidden': 0.29571012713700784, 'desc': 0.14132208376803396}
2025-03-19 15:48:08,449 - INFO - =====Hidden size of M1: 100=====Dataset name: rmechdb=====
2025-03-19 15:48:18,581 - INFO - {'hidden': 0.1551627469442688, 'desc': 0.11062316104819248}
2025-03-19 15:48:19,364 - INFO - =====Hidden size of M1: 200=====Dataset name: in_house=====
2025-03-19 15:49:05,257 - INFO - {'hidden': 0.145576752782562, 'desc': 0.07804396393301233}
2025-03-19 15:49:06,062 - INFO - =====Hidden size of M1: 200=====Dataset name: omega=====
2025-03-19 15:49:18,053 - INFO - {'hidden': 0.16534779131061084, 'desc': 0.12145631976101956}
2025-03-19 15:49:18,850 - INFO - =====Hidden size of M1: 200=====Dataset name: omega_exp=====
2025-03-19 15:49:29,076 - INFO - {'hidden': 0.30656346972842985, 'desc': 0.15083458896706775}
2025-03-19 15:49:29,864 - INFO - =====Hidden size of M1: 200=====Dataset name: hong=====
2025-03-19 15:49:44,096 - INFO - {'hidden': 0.061798698745388014, 'desc': 0.07901563460206046}
2025-03-19 15:49:44,885 - INFO - =====Hidden size of M1: 200=====Dataset name: omega_bietti_hong=====
2025-03-19 15:49:55,403 - INFO - {'hidden': 0.23297529637465114, 'desc': 0.233201105294281}
2025-03-19 15:49:56,191 - INFO - =====Hidden size of M1: 200=====Dataset name: tantillo=====
2025-03-19 15:50:05,800 - INFO - {'hidden': 0.23550484962102985, 'desc': 0.19386954649591004}
2025-03-19 15:50:06,595 - INFO - =====Hidden size of M1: 200=====Dataset name: rmechdb=====
2025-03-19 15:50:17,139 - INFO - {'hidden': 0.15883206344104295, 'desc': 0.15358527912255499}
2025-03-19 15:50:17,950 - INFO - =====Hidden size of M1: 300=====Dataset name: in_house=====
2025-03-19 15:51:11,045 - INFO - {'hidden': 0.15680333879630381, 'desc': 0.07391545223002968}
2025-03-19 15:51:11,863 - INFO - =====Hidden size of M1: 300=====Dataset name: omega=====
2025-03-19 15:51:24,570 - INFO - {'hidden': 0.14305037506908547, 'desc': 0.13179735672904375}
2025-03-19 15:51:25,367 - INFO - =====Hidden size of M1: 300=====Dataset name: omega_exp=====
2025-03-19 15:51:35,747 - INFO - {'hidden': 0.28384542599038987, 'desc': 0.12426375040874826}
2025-03-19 15:51:36,532 - INFO - =====Hidden size of M1: 300=====Dataset name: hong=====
2025-03-19 15:51:52,196 - INFO - {'hidden': 0.055655986369203325, 'desc': 0.07135492259253423}
2025-03-19 15:51:52,996 - INFO - =====Hidden size of M1: 300=====Dataset name: omega_bietti_hong=====
2025-03-19 15:52:03,681 - INFO - {'hidden': 0.1880444987582226, 'desc': 0.2646495328963686}
2025-03-19 15:52:04,481 - INFO - =====Hidden size of M1: 300=====Dataset name: tantillo=====
2025-03-19 15:52:14,226 - INFO - {'hidden': 0.24312101594937574, 'desc': 0.2643612740777166}
2025-03-19 15:52:15,020 - INFO - =====Hidden size of M1: 300=====Dataset name: rmechdb=====
2025-03-19 15:52:25,747 - INFO - {'hidden': 0.1607393996832846, 'desc': 0.16906525719765986}
2025-03-19 15:52:26,538 - INFO - =====Hidden size of M1: 400=====Dataset name: in_house=====
2025-03-19 15:53:29,018 - INFO - {'hidden': 0.15705569473421532, 'desc': 0.08768625814469042}
2025-03-19 15:53:29,811 - INFO - =====Hidden size of M1: 400=====Dataset name: omega=====
2025-03-19 15:53:43,578 - INFO - {'hidden': 0.14114112578818166, 'desc': 0.13279733185379766}
2025-03-19 15:53:44,376 - INFO - =====Hidden size of M1: 400=====Dataset name: omega_exp=====
2025-03-19 15:53:55,010 - INFO - {'hidden': 0.29710370672844194, 'desc': 0.16428740364260386}
2025-03-19 15:53:55,797 - INFO - =====Hidden size of M1: 400=====Dataset name: hong=====
2025-03-19 15:54:13,165 - INFO - {'hidden': 0.05992096042542622, 'desc': 0.0782816920166946}
2025-03-19 15:54:14,020 - INFO - =====Hidden size of M1: 400=====Dataset name: omega_bietti_hong=====
2025-03-19 15:54:25,101 - INFO - {'hidden': 0.1893495932868025, 'desc': 0.2733092235332233}
2025-03-19 15:54:25,896 - INFO - =====Hidden size of M1: 400=====Dataset name: tantillo=====
2025-03-19 15:54:35,797 - INFO - {'hidden': 0.24460012392860186, 'desc': 0.1665659354070812}
2025-03-19 15:54:36,585 - INFO - =====Hidden size of M1: 400=====Dataset name: rmechdb=====
2025-03-19 15:54:47,593 - INFO - {'hidden': 0.17292955351303924, 'desc': 0.1287427980718212}
2025-03-19 15:54:48,412 - INFO - =====Hidden size of M1: 500=====Dataset name: in_house=====
2025-03-19 15:55:59,303 - INFO - {'hidden': 0.15966588567884757, 'desc': 0.08600679229108257}
2025-03-19 15:56:00,119 - INFO - =====Hidden size of M1: 500=====Dataset name: omega=====
2025-03-19 15:56:14,708 - INFO - {'hidden': 0.14096630992485315, 'desc': 0.1264303723634176}
2025-03-19 15:56:15,499 - INFO - =====Hidden size of M1: 500=====Dataset name: omega_exp=====
2025-03-19 15:56:26,274 - INFO - {'hidden': 0.28632583187928595, 'desc': 0.15749764558566665}
2025-03-19 15:56:27,071 - INFO - =====Hidden size of M1: 500=====Dataset name: hong=====
2025-03-19 15:56:45,965 - INFO - {'hidden': 0.06000710599088027, 'desc': 0.05731510537571932}
2025-03-19 15:56:46,754 - INFO - =====Hidden size of M1: 500=====Dataset name: omega_bietti_hong=====
2025-03-19 15:56:57,928 - INFO - {'hidden': 0.19625713712233595, 'desc': 0.19000183658445058}
2025-03-19 15:56:58,719 - INFO - =====Hidden size of M1: 500=====Dataset name: tantillo=====
2025-03-19 15:57:08,600 - INFO - {'hidden': 0.24235100982661895, 'desc': 0.14197356014843981}
2025-03-19 15:57:09,393 - INFO - =====Hidden size of M1: 500=====Dataset name: rmechdb=====
2025-03-19 15:57:20,672 - INFO - {'hidden': 0.16684002344524712, 'desc': 0.19291362154765196}
2025-03-19 15:57:21,461 - INFO - =====Hidden size of M1: 600=====Dataset name: in_house=====
2025-03-19 15:58:40,856 - INFO - {'hidden': 0.14365715145699018, 'desc': 0.07934527376171174}
2025-03-19 15:58:41,665 - INFO - =====Hidden size of M1: 600=====Dataset name: omega=====
2025-03-19 15:58:57,024 - INFO - {'hidden': 0.14216468911165842, 'desc': 0.11934718473748412}
2025-03-19 15:58:57,824 - INFO - =====Hidden size of M1: 600=====Dataset name: omega_exp=====
2025-03-19 15:59:08,812 - INFO - {'hidden': 0.2746593011954092, 'desc': 0.15670727200983603}
2025-03-19 15:59:09,601 - INFO - =====Hidden size of M1: 600=====Dataset name: hong=====
2025-03-19 15:59:29,999 - INFO - {'hidden': 0.06155353517056278, 'desc': 0.07615664433301234}
2025-03-19 15:59:30,796 - INFO - =====Hidden size of M1: 600=====Dataset name: omega_bietti_hong=====
2025-03-19 15:59:42,216 - INFO - {'hidden': 0.19497276111787687, 'desc': 0.2663951156233461}
2025-03-19 15:59:43,004 - INFO - =====Hidden size of M1: 600=====Dataset name: tantillo=====
2025-03-19 15:59:52,940 - INFO - {'hidden': 0.24479178091283038, 'desc': 0.2675586562113554}
2025-03-19 15:59:53,729 - INFO - =====Hidden size of M1: 600=====Dataset name: rmechdb=====
2025-03-19 16:00:05,357 - INFO - {'hidden': 0.17905762807563796, 'desc': 0.1122069525813596}
2025-03-19 16:00:06,156 - INFO - =====Hidden size of M1: 700=====Dataset name: in_house=====
2025-03-19 16:01:35,919 - INFO - {'hidden': 0.15661454424235907, 'desc': 0.07140961916193778}
2025-03-19 16:01:36,730 - INFO - =====Hidden size of M1: 700=====Dataset name: omega=====
2025-03-19 16:01:52,973 - INFO - {'hidden': 0.14510321372096363, 'desc': 0.12761537974130238}
2025-03-19 16:01:53,767 - INFO - =====Hidden size of M1: 700=====Dataset name: omega_exp=====
2025-03-19 16:02:04,948 - INFO - {'hidden': 0.28783660716526305, 'desc': 0.1478771073158775}
2025-03-19 16:02:05,742 - INFO - =====Hidden size of M1: 700=====Dataset name: hong=====
2025-03-19 16:02:27,712 - INFO - {'hidden': 0.09023916981022634, 'desc': 0.07174076640392885}
2025-03-19 16:02:28,511 - INFO - =====Hidden size of M1: 700=====Dataset name: omega_bietti_hong=====
2025-03-19 16:02:40,297 - INFO - {'hidden': 0.1928369007073334, 'desc': 0.25339864992673}
2025-03-19 16:02:41,087 - INFO - =====Hidden size of M1: 700=====Dataset name: tantillo=====
2025-03-19 16:02:51,155 - INFO - {'hidden': 0.23186189726500334, 'desc': 0.1400003136515764}
2025-03-19 16:02:51,952 - INFO - =====Hidden size of M1: 700=====Dataset name: rmechdb=====
2025-03-19 16:03:03,832 - INFO - {'hidden': 0.16455270486947104, 'desc': 0.15325549882912237}
2025-03-19 16:03:04,653 - INFO - =====Hidden size of M1: 800=====Dataset name: in_house=====
2025-03-19 16:04:46,114 - INFO - {'hidden': 0.1579279044874072, 'desc': 0.07546587367699478}
2025-03-19 16:04:46,946 - INFO - =====Hidden size of M1: 800=====Dataset name: omega=====
2025-03-19 16:05:04,212 - INFO - {'hidden': 0.1506004925955825, 'desc': 0.10857269271453313}
2025-03-19 16:05:05,015 - INFO - =====Hidden size of M1: 800=====Dataset name: omega_exp=====
2025-03-19 16:05:16,462 - INFO - {'hidden': 0.28954887637243776, 'desc': 0.15731950214366314}
2025-03-19 16:05:17,271 - INFO - =====Hidden size of M1: 800=====Dataset name: hong=====
2025-03-19 16:05:40,961 - INFO - {'hidden': 0.08193192549622719, 'desc': 0.07193318256504921}
2025-03-19 16:05:41,753 - INFO - =====Hidden size of M1: 800=====Dataset name: omega_bietti_hong=====
2025-03-19 16:05:53,854 - INFO - {'hidden': 0.21567161083749142, 'desc': 0.24915626363956722}
2025-03-19 16:05:54,642 - INFO - =====Hidden size of M1: 800=====Dataset name: tantillo=====
2025-03-19 16:06:04,791 - INFO - {'hidden': 0.24455720259375358, 'desc': 0.1409624310829909}
2025-03-19 16:06:05,582 - INFO - =====Hidden size of M1: 800=====Dataset name: rmechdb=====
2025-03-19 16:06:17,859 - INFO - {'hidden': 0.16035947800725542, 'desc': 0.1695476163857566}
2025-03-19 16:06:18,682 - INFO - =====Hidden size of M1: 900=====Dataset name: in_house=====
2025-03-19 16:08:07,729 - INFO - {'hidden': 0.1551389434518986, 'desc': 0.08369396831842588}
2025-03-19 16:08:08,547 - INFO - =====Hidden size of M1: 900=====Dataset name: omega=====
2025-03-19 16:08:26,606 - INFO - {'hidden': 0.1423328689151349, 'desc': 0.12046831250178086}
2025-03-19 16:08:27,405 - INFO - =====Hidden size of M1: 900=====Dataset name: omega_exp=====
2025-03-19 16:08:38,966 - INFO - {'hidden': 0.3014068006780096, 'desc': 0.15952096251908843}
2025-03-19 16:08:39,821 - INFO - =====Hidden size of M1: 900=====Dataset name: hong=====
2025-03-19 16:09:04,920 - INFO - {'hidden': 0.08030347709914398, 'desc': 0.07596490731343669}
2025-03-19 16:09:05,715 - INFO - =====Hidden size of M1: 900=====Dataset name: omega_bietti_hong=====
2025-03-19 16:09:18,016 - INFO - {'hidden': 0.1199053013093474, 'desc': 0.20429870844305653}
2025-03-19 16:09:18,814 - INFO - =====Hidden size of M1: 900=====Dataset name: tantillo=====
2025-03-19 16:09:29,104 - INFO - {'hidden': 0.21816556587069014, 'desc': 0.2630763766713183}
2025-03-19 16:09:29,897 - INFO - =====Hidden size of M1: 900=====Dataset name: rmechdb=====
2025-03-19 16:09:42,470 - INFO - {'hidden': 0.2001905127899929, 'desc': 0.15953399109715033}
2025-03-19 16:09:43,326 - INFO - =====Hidden size of M1: 1000=====Dataset name: in_house=====
2025-03-19 16:11:41,022 - INFO - {'hidden': 0.1542727520128056, 'desc': 0.08311879698354549}
2025-03-19 16:11:41,849 - INFO - =====Hidden size of M1: 1000=====Dataset name: omega=====
2025-03-19 16:12:00,688 - INFO - {'hidden': 0.14167514518765306, 'desc': 0.13415308544800542}
2025-03-19 16:12:01,496 - INFO - =====Hidden size of M1: 1000=====Dataset name: omega_exp=====
2025-03-19 16:12:13,476 - INFO - {'hidden': 0.3205025901152705, 'desc': 0.12371955438324783}
2025-03-19 16:12:14,272 - INFO - =====Hidden size of M1: 1000=====Dataset name: hong=====
2025-03-19 16:12:40,749 - INFO - {'hidden': 0.08144922687028183, 'desc': 0.06927711010750348}
2025-03-19 16:12:41,540 - INFO - =====Hidden size of M1: 1000=====Dataset name: omega_bietti_hong=====
2025-03-19 16:12:54,052 - INFO - {'hidden': 0.17188095416248977, 'desc': 0.17246367928216372}
2025-03-19 16:12:54,842 - INFO - =====Hidden size of M1: 1000=====Dataset name: tantillo=====
2025-03-19 16:13:05,170 - INFO - {'hidden': 0.17930214489888485, 'desc': 0.14624265147953014}
2025-03-19 16:13:05,960 - INFO - =====Hidden size of M1: 1000=====Dataset name: rmechdb=====
2025-03-19 16:13:18,887 - INFO - {'hidden': 0.08261016598885501, 'desc': 0.10935791139106488}
2025-03-19 16:13:19,676 - INFO - =====Hidden size of M1: 1100=====Dataset name: in_house=====
2025-03-19 16:14:12,055 - INFO - {'hidden': 0.14771855714970056, 'desc': 0.08278681909780614}
2025-03-19 16:14:12,852 - INFO - =====Hidden size of M1: 1100=====Dataset name: omega=====
2025-03-19 16:14:24,009 - INFO - {'hidden': 0.14173101940964145, 'desc': 0.1343892037736512}
2025-03-19 16:14:24,800 - INFO - =====Hidden size of M1: 1100=====Dataset name: omega_exp=====
2025-03-19 16:14:34,937 - INFO - {'hidden': 0.3155904800819613, 'desc': 0.12297182818445268}
2025-03-19 16:14:35,734 - INFO - =====Hidden size of M1: 1100=====Dataset name: hong=====
2025-03-19 16:14:48,006 - INFO - {'hidden': 0.08347350701010231, 'desc': 0.07250324731115665}
2025-03-19 16:14:48,808 - INFO - =====Hidden size of M1: 1100=====Dataset name: omega_bietti_hong=====
2025-03-19 16:14:58,996 - INFO - {'hidden': 0.1578171672003681, 'desc': 0.2162378450197175}
2025-03-19 16:14:59,799 - INFO - =====Hidden size of M1: 1100=====Dataset name: tantillo=====
2025-03-19 16:15:09,560 - INFO - {'hidden': 0.23039445415576265, 'desc': 0.1433277222610207}
2025-03-19 16:15:10,359 - INFO - =====Hidden size of M1: 1100=====Dataset name: rmechdb=====
2025-03-19 16:15:20,579 - INFO - {'hidden': 0.1558405316722365, 'desc': 0.11543301850732302}
2025-03-19 16:15:21,439 - INFO - =====Hidden size of M1: 1200=====Dataset name: in_house=====
2025-03-19 16:16:15,579 - INFO - {'hidden': 0.15623930054571147, 'desc': 0.08226955817831691}
2025-03-19 16:16:16,368 - INFO - =====Hidden size of M1: 1200=====Dataset name: omega=====
2025-03-19 16:16:27,499 - INFO - {'hidden': 0.14185899843792854, 'desc': 0.12991308927967665}
2025-03-19 16:16:28,293 - INFO - =====Hidden size of M1: 1200=====Dataset name: omega_exp=====
2025-03-19 16:16:38,500 - INFO - {'hidden': 0.29827312052135574, 'desc': 0.15840758685436118}
2025-03-19 16:16:39,289 - INFO - =====Hidden size of M1: 1200=====Dataset name: hong=====
2025-03-19 16:16:51,609 - INFO - {'hidden': 0.08261200439190902, 'desc': 0.07208394309498128}
2025-03-19 16:16:52,402 - INFO - =====Hidden size of M1: 1200=====Dataset name: omega_bietti_hong=====
2025-03-19 16:17:02,617 - INFO - {'hidden': 0.19873904712313983, 'desc': 0.1879879185512669}
2025-03-19 16:17:03,407 - INFO - =====Hidden size of M1: 1200=====Dataset name: tantillo=====
2025-03-19 16:17:13,192 - INFO - {'hidden': 0.201917287403227, 'desc': 0.26252762278476416}
2025-03-19 16:17:13,983 - INFO - =====Hidden size of M1: 1200=====Dataset name: rmechdb=====
2025-03-19 16:17:24,157 - INFO - {'hidden': 0.13712154469967486, 'desc': 0.13496632048345214}
2025-03-19 16:17:25,011 - INFO - =====Hidden size of M1: 1300=====Dataset name: in_house=====
2025-03-19 16:18:21,048 - INFO - {'hidden': 0.15404873265245175, 'desc': 0.07572477524809787}
2025-03-19 16:18:21,840 - INFO - =====Hidden size of M1: 1300=====Dataset name: omega=====
2025-03-19 16:18:33,089 - INFO - {'hidden': 0.15632672935349085, 'desc': 0.13293536852838}
2025-03-19 16:18:33,873 - INFO - =====Hidden size of M1: 1300=====Dataset name: omega_exp=====
2025-03-19 16:18:44,037 - INFO - {'hidden': 0.28987057084673284, 'desc': 0.15862456152660087}
2025-03-19 16:18:44,840 - INFO - =====Hidden size of M1: 1300=====Dataset name: hong=====
2025-03-19 16:18:57,240 - INFO - {'hidden': 0.060765760291992266, 'desc': 0.07380699613791425}
2025-03-19 16:18:58,036 - INFO - =====Hidden size of M1: 1300=====Dataset name: omega_bietti_hong=====
2025-03-19 16:19:08,365 - INFO - {'hidden': 0.19781013029994554, 'desc': 0.22861048378255072}
2025-03-19 16:19:09,169 - INFO - =====Hidden size of M1: 1300=====Dataset name: tantillo=====
2025-03-19 16:19:18,958 - INFO - {'hidden': 0.1935494180539996, 'desc': 0.26499876878686274}
2025-03-19 16:19:19,755 - INFO - =====Hidden size of M1: 1300=====Dataset name: rmechdb=====
2025-03-19 16:19:29,998 - INFO - {'hidden': 0.08287975984294421, 'desc': 0.10881394426979385}
2025-03-19 16:19:30,853 - INFO - =====Hidden size of M1: 1400=====Dataset name: in_house=====
2025-03-19 16:20:27,187 - INFO - {'hidden': 0.15193586456034716, 'desc': 0.08444288820015211}
2025-03-19 16:20:27,993 - INFO - =====Hidden size of M1: 1400=====Dataset name: omega=====
2025-03-19 16:20:39,251 - INFO - {'hidden': 0.12942409231662644, 'desc': 0.11783094945978656}
2025-03-19 16:20:40,057 - INFO - =====Hidden size of M1: 1400=====Dataset name: omega_exp=====
2025-03-19 16:20:50,254 - INFO - {'hidden': 0.2795805423711015, 'desc': 0.14709890281405474}
2025-03-19 16:20:51,043 - INFO - =====Hidden size of M1: 1400=====Dataset name: hong=====
2025-03-19 16:21:03,519 - INFO - {'hidden': 0.0611266512230611, 'desc': 0.06802286503403082}
2025-03-19 16:21:04,322 - INFO - =====Hidden size of M1: 1400=====Dataset name: omega_bietti_hong=====
2025-03-19 16:21:14,659 - INFO - {'hidden': 0.1735250951466158, 'desc': 0.20957895494396056}
2025-03-19 16:21:15,458 - INFO - =====Hidden size of M1: 1400=====Dataset name: tantillo=====
2025-03-19 16:21:25,310 - INFO - {'hidden': 0.19865295445953002, 'desc': 0.14277456368839697}
2025-03-19 16:21:26,107 - INFO - =====Hidden size of M1: 1400=====Dataset name: rmechdb=====
2025-03-19 16:21:36,361 - INFO - {'hidden': 0.13736596214679758, 'desc': 0.1294757310120731}
2025-03-19 16:21:37,213 - INFO - =====Hidden size of M1: 1500=====Dataset name: in_house=====
2025-03-19 16:22:35,671 - INFO - {'hidden': 0.15876867825841987, 'desc': 0.08370210926326}
2025-03-19 16:22:36,478 - INFO - =====Hidden size of M1: 1500=====Dataset name: omega=====
2025-03-19 16:22:47,811 - INFO - {'hidden': 0.13696754016734408, 'desc': 0.13837374832163457}
2025-03-19 16:22:48,614 - INFO - =====Hidden size of M1: 1500=====Dataset name: omega_exp=====
2025-03-19 16:22:58,879 - INFO - {'hidden': 0.30555979619077145, 'desc': 0.15855309329164752}
2025-03-19 16:22:59,677 - INFO - =====Hidden size of M1: 1500=====Dataset name: hong=====
2025-03-19 16:23:12,239 - INFO - {'hidden': 0.09171301583599839, 'desc': 0.07115237892049214}
2025-03-19 16:23:13,038 - INFO - =====Hidden size of M1: 1500=====Dataset name: omega_bietti_hong=====
2025-03-19 16:23:23,380 - INFO - {'hidden': 0.20242553768169064, 'desc': 0.22095376135797307}
2025-03-19 16:23:24,175 - INFO - =====Hidden size of M1: 1500=====Dataset name: tantillo=====
2025-03-19 16:23:34,092 - INFO - {'hidden': 0.16229159091791168, 'desc': 0.1474600673411932}
2025-03-19 16:23:34,889 - INFO - =====Hidden size of M1: 1500=====Dataset name: rmechdb=====
2025-03-19 16:23:45,221 - INFO - {'hidden': 0.19130374544180112, 'desc': 0.11829452833047038}
2025-03-19 16:23:46,024 - INFO - =====Hidden size of M1: 1600=====Dataset name: in_house=====
2025-03-19 16:24:46,346 - INFO - {'hidden': 0.16320750538949014, 'desc': 0.08080058571666615}
2025-03-19 16:24:47,212 - INFO - =====Hidden size of M1: 1600=====Dataset name: omega=====
2025-03-19 16:24:58,541 - INFO - {'hidden': 0.149608407425055, 'desc': 0.12710149275708987}
2025-03-19 16:24:59,358 - INFO - =====Hidden size of M1: 1600=====Dataset name: omega_exp=====
2025-03-19 16:25:09,658 - INFO - {'hidden': 0.33419389874620736, 'desc': 0.15938499725475452}
2025-03-19 16:25:10,452 - INFO - =====Hidden size of M1: 1600=====Dataset name: hong=====
2025-03-19 16:25:23,058 - INFO - {'hidden': 0.07272701762174533, 'desc': 0.09379231790071924}
2025-03-19 16:25:23,858 - INFO - =====Hidden size of M1: 1600=====Dataset name: omega_bietti_hong=====
2025-03-19 16:25:34,261 - INFO - {'hidden': 0.16844415702079196, 'desc': 0.2641325466108929}
2025-03-19 16:25:35,060 - INFO - =====Hidden size of M1: 1600=====Dataset name: tantillo=====
2025-03-19 16:25:44,918 - INFO - {'hidden': 0.2281675806596708, 'desc': 0.1311991710387463}
2025-03-19 16:25:45,712 - INFO - =====Hidden size of M1: 1600=====Dataset name: rmechdb=====
2025-03-19 16:25:56,063 - INFO - {'hidden': 0.1714451730984739, 'desc': 0.13330478983790217}
2025-03-19 16:25:56,858 - INFO - =====Hidden size of M1: 1700=====Dataset name: in_house=====
2025-03-19 16:26:59,086 - INFO - {'hidden': 0.16082884829247365, 'desc': 0.07598020936787966}
2025-03-19 16:26:59,951 - INFO - =====Hidden size of M1: 1700=====Dataset name: omega=====
2025-03-19 16:27:11,293 - INFO - {'hidden': 0.14357871926225707, 'desc': 0.14064738353061595}
2025-03-19 16:27:12,083 - INFO - =====Hidden size of M1: 1700=====Dataset name: omega_exp=====
2025-03-19 16:27:22,439 - INFO - {'hidden': 0.33550528977926225, 'desc': 0.15985872153033592}
2025-03-19 16:27:23,234 - INFO - =====Hidden size of M1: 1700=====Dataset name: hong=====
2025-03-19 16:27:35,870 - INFO - {'hidden': 0.08573817606410755, 'desc': 0.07500552332773808}
2025-03-19 16:27:36,654 - INFO - =====Hidden size of M1: 1700=====Dataset name: omega_bietti_hong=====
2025-03-19 16:27:47,027 - INFO - {'hidden': 0.26223236223189766, 'desc': 0.22639145772699376}
2025-03-19 16:27:47,816 - INFO - =====Hidden size of M1: 1700=====Dataset name: tantillo=====
2025-03-19 16:27:57,726 - INFO - {'hidden': 0.23923896170564884, 'desc': 0.14270192408832155}
2025-03-19 16:27:58,516 - INFO - =====Hidden size of M1: 1700=====Dataset name: rmechdb=====
2025-03-19 16:28:08,905 - INFO - {'hidden': 0.18064203012293106, 'desc': 0.11990435267263011}
2025-03-19 16:28:09,695 - INFO - =====Hidden size of M1: 1800=====Dataset name: in_house=====
2025-03-19 16:29:13,205 - INFO - {'hidden': 0.14194651202167127, 'desc': 0.08375094364094904}
2025-03-19 16:29:14,058 - INFO - =====Hidden size of M1: 1800=====Dataset name: omega=====
2025-03-19 16:29:25,424 - INFO - {'hidden': 0.1547931133914301, 'desc': 0.12268773158813684}
2025-03-19 16:29:26,209 - INFO - =====Hidden size of M1: 1800=====Dataset name: omega_exp=====
2025-03-19 16:29:36,531 - INFO - {'hidden': 0.28586400479297924, 'desc': 0.14950474880325876}
2025-03-19 16:29:37,319 - INFO - =====Hidden size of M1: 1800=====Dataset name: hong=====
2025-03-19 16:29:50,035 - INFO - {'hidden': 0.10244927777047957, 'desc': 0.07492571717053104}
2025-03-19 16:29:50,828 - INFO - =====Hidden size of M1: 1800=====Dataset name: omega_bietti_hong=====
2025-03-19 16:30:01,224 - INFO - {'hidden': 0.2609101260216495, 'desc': 0.22155545011048478}
2025-03-19 16:30:02,014 - INFO - =====Hidden size of M1: 1800=====Dataset name: tantillo=====
2025-03-19 16:30:11,913 - INFO - {'hidden': 0.2062278645686454, 'desc': 0.2670308885763377}
2025-03-19 16:30:12,703 - INFO - =====Hidden size of M1: 1800=====Dataset name: rmechdb=====
2025-03-19 16:30:23,097 - INFO - {'hidden': 0.1640679010129284, 'desc': 0.15761116387097335}
2025-03-19 16:30:23,890 - INFO - =====Hidden size of M1: 1900=====Dataset name: in_house=====
2025-03-19 16:31:30,225 - INFO - {'hidden': 0.16062542232108523, 'desc': 0.07900163873048949}
2025-03-19 16:31:31,080 - INFO - =====Hidden size of M1: 1900=====Dataset name: omega=====
2025-03-19 16:31:42,566 - INFO - {'hidden': 0.1500708178312517, 'desc': 0.11973876887814433}
2025-03-19 16:31:43,357 - INFO - =====Hidden size of M1: 1900=====Dataset name: omega_exp=====
2025-03-19 16:31:53,830 - INFO - {'hidden': 0.29710086048281686, 'desc': 0.19250752568702018}
2025-03-19 16:31:54,620 - INFO - =====Hidden size of M1: 1900=====Dataset name: hong=====
2025-03-19 16:32:07,522 - INFO - {'hidden': 0.09892452388690054, 'desc': 0.0713541625694763}
2025-03-19 16:32:08,321 - INFO - =====Hidden size of M1: 1900=====Dataset name: omega_bietti_hong=====
2025-03-19 16:32:18,782 - INFO - {'hidden': 0.18475541568895648, 'desc': 0.22187778082447324}
2025-03-19 16:32:19,578 - INFO - =====Hidden size of M1: 1900=====Dataset name: tantillo=====
2025-03-19 16:32:29,570 - INFO - {'hidden': 0.2373166061839292, 'desc': 0.14354639604632008}
2025-03-19 16:32:30,364 - INFO - =====Hidden size of M1: 1900=====Dataset name: rmechdb=====
2025-03-19 16:32:40,813 - INFO - {'hidden': 0.12737271900926406, 'desc': 0.10934137676773176}
2025-03-19 16:32:41,606 - INFO - =====Hidden size of M1: 2000=====Dataset name: in_house=====
2025-03-19 16:33:49,966 - INFO - {'hidden': 0.1532241044983547, 'desc': 0.08621155741642211}
2025-03-19 16:33:50,860 - INFO - =====Hidden size of M1: 2000=====Dataset name: omega=====
2025-03-19 16:34:02,502 - INFO - {'hidden': 0.149028969199058, 'desc': 0.13570988218979585}
2025-03-19 16:34:03,294 - INFO - =====Hidden size of M1: 2000=====Dataset name: omega_exp=====
2025-03-19 16:34:13,692 - INFO - {'hidden': 0.29966424493912136, 'desc': 0.12403134144664674}
2025-03-19 16:34:14,482 - INFO - =====Hidden size of M1: 2000=====Dataset name: hong=====
2025-03-19 16:34:27,354 - INFO - {'hidden': 0.07350353187553621, 'desc': 0.05351337120294569}
2025-03-19 16:34:28,149 - INFO - =====Hidden size of M1: 2000=====Dataset name: omega_bietti_hong=====
2025-03-19 16:34:38,573 - INFO - {'hidden': 0.2502123242225259, 'desc': 0.2982779418196948}
2025-03-19 16:34:39,360 - INFO - =====Hidden size of M1: 2000=====Dataset name: tantillo=====
2025-03-19 16:34:49,334 - INFO - {'hidden': 0.22981898950419288, 'desc': 0.2659237698401453}
2025-03-19 16:34:50,121 - INFO - =====Hidden size of M1: 2000=====Dataset name: rmechdb=====
2025-03-19 16:35:00,558 - INFO - {'hidden': 0.11048396050682874, 'desc': 0.1022852023816353}
