********************************
======= In-HOUSE DATASET =======
Surrogate model done
CV done
Results in tmp/cv_own_dataset/ffn_train.log
10-fold CV RMSE, MAE and R^2 for NN with a learned-VB representation: 2.782088952344696 1.9797311201511416 0.8438652430609028
CV done
Results in tmp/cv_own_dataset_4/ffn_train.log
10-fold CV RMSE, MAE and R^2 for NN with a learned-VB representation and 4 ensembles: 2.753559728517472 1.9541682553047444 0.8470719639710449
********************************
======= TANTILLO DATASET =======
Surrogate model done
RMSE, MAE and R^2 for linear regression: 1.3174062306897978 1.1192156634962502 0.23047203249831494
********************************
======= OMEGA DATASET =======
Train set
RMSE, MAE and R^2 for linear regression: 1.2866803413037062 1.0199634871379222 0.7593886465071025
Test set
RMSE, MAE and R^2 for linear regression: 1.595778008397917 1.251535404651164 0.6641304513303201
RMSE, MAE, and R^2 for RF: 1.3042857808072843 1.1162299957864548 0.775626688035882
4 ensembles and transfer learning
10-fold CV RMSE, MAE and R^2 for NN with a learned-VB representation: 1.5633452104491732 1.2343333354020989 0.6775621972605658
4 ensembles
10-fold CV RMSE, MAE and R^2 for NN with a learned-VB representation: 2.0323193886782254 1.684123331625867 0.4524970835137408
1 ensemble
10-fold CV RMSE, MAE and R^2 for NN with a learned-VB representation: 2.015665030174419 1.6606282015971972 0.45337576417151054
1 ensemble and transfer learning
10-fold CV RMSE, MAE and R^2 for NN with a learned-VB representation: 1.5454980660830713 1.2164869683672936 0.6839649667896198
Selectivity=====
RMSE, MAE and R^2 for linear regression: 2.834673963685679 1.8142742549747921 -0.8409114533830602
RMSE, MAE, and R^2 for RF: 1.2448961482928522 0.9364255087408363 0.6449472206224959
Selectivity 4 ensemble
RMSE, MAE and R^2 for NN with a learned-VB representation: 1.3445521218548473 1.0824193609438697 0.5858268366674206
Selectivity 1 ensemble
RMSE, MAE and R^2 for NN with a learned-VB representation: 1.2618103709226518 1.0076445999240777 0.6352335761627721
********************************
======= HONG DATASET =======
Surrogate model done
CV done with 25 datapoints
Results in tmp/cv_hong_25/ffn_train.log
5-fold CV RMSE, MAE and R^2 for NN with a learned-VB representation and 25 datapoints: 3.6295041464959636 2.73096633352381 0.44460440389778866
CV done with 25 datapoints, 4 ensembles and transfer learning
Results in tmp/cv_hong_25_4_TF/ffn_train.log
5-fold CV RMSE, MAE and R^2 for NN with a learned-VB representation, 25 datapoints, 4 ensembles and transfer learning: 2.1509200083380997 1.6189898468483528 0.8059907534140038
CV done with 50 datapoints
Results in tmp/cv_hong_50/ffn_train.log
5-fold CV RMSE, MAE and R^2 for NN with a learned-VB representation and 50 datapoints: 2.5428089492693617 1.8947798192067253 0.7200392698215416
CV done with 50 datapoints, 4 ensembles and transfer learning
Results in tmp/cv_hong_50_4_TF/ffn_train.log
5-fold CV RMSE, MAE and R^2 for NN with a learned-VB representation, 50 datapoints, 4 ensembles and transfer learning: 1.982582616014054 1.4296079986358134 0.8348262464694984
CV done with 100 datapoints
Results in tmp/cv_hong_100/ffn_train.log
5-fold CV RMSE, MAE and R^2 for NN with a learned-VB representation and 100 datapoints: 2.0000829576550694 1.441681598449978 0.8284073453798806
CV done with 100 datapoints, 4 ensembles and transfer learning
Results in tmp/cv_hong_100_4_TF/ffn_train.log
5-fold CV RMSE, MAE and R^2 for NN with a learned-VB representation, 100 datapoints, 4 ensembles and transfer learning: 1.8629876374140284 1.33035647115911 0.8540433142119361
CV done with 200 datapoints
Results in tmp/cv_hong_200/ffn_train.log
5-fold CV RMSE, MAE and R^2 for NN with a learned-VB representation and 200 datapoints: 1.6765696992561594 1.1462336038955967 0.8803923027325691
CV done with 200 datapoints, 4 ensembles and transfer learning
Results in tmp/cv_hong_200_4_TF/ffn_train.log
5-fold CV RMSE, MAE and R^2 for NN with a learned-VB representation, 200 datapoints, 4 ensembles and transfer learning: 1.6385959689633265 1.1431603151152174 0.8864411488436726
CV done with 300 datapoints
Results in tmp/cv_hong_300/ffn_train.log
5-fold CV RMSE, MAE and R^2 for NN with a learned-VB representation and 300 datapoints: 1.5975135710115276 1.1123239249777475 0.8910049698057214
CV done with 300 datapoints, 4 ensembles and transfer learning
Results in tmp/cv_hong_300_4_TF/ffn_train.log
5-fold CV RMSE, MAE and R^2 for NN with a learned-VB representation, 300 datapoints, 4 ensembles and transfer learning: 1.5634491509413002 1.078171800713325 0.8965446841782182
CV done with 400 datapoints
Results in tmp/cv_hong_400/ffn_train.log
5-fold CV RMSE, MAE and R^2 for NN with a learned-VB representation and 400 datapoints: 1.537616510401144 1.0561831119867573 0.899227051480677
CV done with 400 datapoints, 4 ensembles and transfer learning
Results in tmp/cv_hong_400_4_TF/ffn_train.log
5-fold CV RMSE, MAE and R^2 for NN with a learned-VB representation, 400 datapoints, 4 ensembles and transfer learning: 1.5194387188656822 1.043761936682452 0.9022458936179408
CV done
Results in tmp/cv_hong/ffn_train.log
5-fold CV RMSE, MAE and R^2 for NN with a learned-VB representation and all datapoints: 1.537616510401144 1.0561831119867573 0.899227051480677
CV done with 4 ensembles and transfer learning
Results in tmp/cv_hong_4/ffn_train.log
5-fold CV RMSE, MAE and R^2 for NN with a learned-VB representation, all datapoints, 4 ensembles and transfer learning:: 1.5331722814595907 1.0492709801242575 0.8996093618927722
======== 5-fold CV with RF and AdaBoost ========
Datapoints: 25
AdaBoost with 50 descriptors
5-fold CV RMSE, MAE and R^2 for AdaBoost: 2.4998160750897354 1.7055371762740184 0.6911239287262664
Model with a learned-VB representation
5-fold CV RMSE, MAE and R^2 for RF: 2.5412991766124207 1.8021647869674182 0.7135260108219482
Datapoints: 50
AdaBoost with 50 descriptors
5-fold CV RMSE, MAE and R^2 for AdaBoost: 1.745074307420851 1.1731694388999778 0.867785104798202
Model with a learned-VB representation
5-fold CV RMSE, MAE and R^2 for RF: 2.005734836197669 1.373599600798403 0.8261502677942364
Datapoints: 100
AdaBoost with 50 descriptors
5-fold CV RMSE, MAE and R^2 for AdaBoost: 1.3216908730934136 0.9143068843330802 0.9256035356356216
Model with a learned-VB representation
5-fold CV RMSE, MAE and R^2 for RF: 1.7862468608831268 1.1944707668944567 0.8647810976181433
Datapoints: 200
AdaBoost with 50 descriptors
5-fold CV RMSE, MAE and R^2 for AdaBoost: 1.1127435578272546 0.7609676220806793 0.9456563680845731
Model with a learned-VB representation
5-fold CV RMSE, MAE and R^2 for RF: 1.6000081872461316 1.0231683651804673 0.8872708701731227
Datapoints: 300
AdaBoost with 50 descriptors
5-fold CV RMSE, MAE and R^2 for AdaBoost: 0.9715032197157786 0.6737915931804819 0.961320475352284
Model with a learned-VB representation
5-fold CV RMSE, MAE and R^2 for RF: 1.4458683663966525 0.9717611992945324 0.9131552168840529
Datapoints: 400
AdaBoost with 50 descriptors
5-fold CV RMSE, MAE and R^2 for AdaBoost: 0.9344410889612759 0.6426540771175727 0.9633614714175304
Model with a learned-VB representation
5-fold CV RMSE, MAE and R^2 for RF: 1.4326080466878763 0.9401509955752211 0.912356356650857
AdaBoost with 50 descriptors
5-fold CV RMSE, MAE and R^2 for AdaBoost: 0.9333400170318393 0.6404963302430116 0.9634644082351622
Model with a learned-VB representation
5-fold CV RMSE, MAE and R^2 for RF: 1.437655327042834 0.947258449220396 0.9117145005418076
Bietti=========
4 ensembles and transfer learning on Bietti Set
10-fold CV RMSE, MAE and R^2 for NN with a learned-VB representation: 0.7927968184729539 0.6720651707545391 0.43560748174178565
1 ensemble and transfer learning on Bietti Set
10-fold CV RMSE, MAE and R^2 for NN with a learned-VB representation: 0.9698433925270926 0.8451254191403116 -0.29113062498916775
Coefficient and intercept: [[0.66599137]]   [9.69103018]
RMSE, MAE and R^2: 1.2001578589675608   1.0382290688090714   -0.4966162188740948
Coefficient and intercept: [[0.59426968]]   [10.35588428]
RMSE, MAE and R^2: 1.2622386554052185   1.1145607815624805   -1.0791542703850516
********************************
======= In-HOUSE DATASET =======
Surrogate model done
CV done
Results in tmp/cv_in-house_data/ffn_train.log
10-fold CV RMSE, MAE and R^2 for NN with a hidden representation: 3.3460747159645963 2.4028689720133265 0.7728784646349245
********************************
======= RMechDB DATASET =======
Surrogate model done
CV done
Results in tmp/cv_rmechdb_data/ffn_train.log
10-fold CV RMSE, MAE and R^2 for NN with a hidden representation: iteration... started... 7
********************************
======= In-HOUSE DATASET =======
Surrogate model done
CV done
Results in tmp/cv_in-house_data/ffn_train.log
10-fold CV RMSE, MAE and R^2 for NN with a hidden representation: 3.436875408347833 2.489330446947912 0.7597546201661409
********************************
======= RMechDB DATASET =======
Surrogate model done
CV done
Results in tmp/cv_rmechdb_data/ffn_train.log
10-fold CV RMSE, MAE and R^2 for NN with a hidden representation: 3.02063865784415 2.2284967009678702 0.6286836954098721
********************************
======= In-HOUSE DATASET =======
Surrogate model done
CV done
Results in tmp/cv_in-house_data/ffn_train.log
10-fold CV RMSE, MAE and R^2 for NN with a hidden representation: 3.4379040831509284 2.4892449557520626 0.7597257492740555
********************************
======= RMechDB DATASET =======
Surrogate model done
CV done
Results in tmp/cv_rmechdb_data/ffn_train.log
10-fold CV RMSE, MAE and R^2 for NN with a hidden representation: 2.3149480682829915 1.833881172712145 0.7652759974734968
********************************
======= In-HOUSE DATASET =======
Surrogate model done
CV done
Results in tmp/cv_in-house_data/ffn_train.log
10-fold CV RMSE, MAE and R^2 for NN with a hidden representation: 3.325079552461323 2.393374432940627 0.7757631350543746
********************************
======= In-HOUSE DATASET =======
Surrogate model done
CV done
Results in tmp/cv_in-house_data/ffn_train.log
10-fold CV RMSE, MAE and R^2 for NN with a hidden representation: 6.620102426932905 4.9698520541790625 0.12326838812686192
********************************
======= TANTILLO DATASET =======
Surrogate model done
training done
Results in tmp/cv_tantillo_data/ffn_train.log
Upper bound of RMSE, MAE and R^2 for NN with a hidden representation: 1.6659555817583007 1.3808041506994828 -0.23058556933741614
********************************
======= In-HOUSE DATASET =======
Surrogate model done
CV done
Results in tmp/cv_in-house_data/ffn_train.log
10-fold CV RMSE, MAE and R^2 for NN with a hidden representation: 3.3467170003083817 2.3953721409223467 0.7728223174033422
********************************
======= RMechDB DATASET =======
Surrogate model done
CV done
Results in tmp/cv_rmechdb_data/ffn_train.log
10-fold CV RMSE, MAE and R^2 for NN with a hidden representation: 3.149188750088734 2.3358213485362898 0.5939032343885756
********************************
======= RMechDB DATASET =======
4 ensemble(s), batch_size: 64, random_state: 0
<<pure>> 10-fold CV RMSE, MAE and R^2 for NN with a learned-VB representation: 2.4560875213568503 2.0256853745546524 0.672328828139903
4 ensemble(s), batch_size: 64, random_state: 0
<<water>> 10-fold CV RMSE, MAE and R^2 for NN with a learned-VB representation: 1.8062081765928641 1.5119851546272698 0.8317454164562095
4 ensemble(s), batch_size: 64, random_state: 0
<<water_peroxide>> 10-fold CV RMSE, MAE and R^2 for NN with a learned-VB representation: 1.7670539066123443 1.5009861089268133 0.8401325824690318
********************************
======= In-HOUSE DATASET =======
Surrogate model done
CV done
Results in tmp/cv_in-house_data/ffn_train.log
10-fold CV RMSE, MAE and R^2 for NN with a hidden representation: 3.435925127944393 2.487546917617271 0.7599733002448864
********************************
======= RMechDB DATASET =======
Surrogate model done
CV done
Results in tmp/cv_rmechdb_data/ffn_train.log
10-fold CV RMSE, MAE and R^2 for NN with a hidden representation: 2.2424470509699885 1.765916052407059 0.7700808145686209
********************************
======= In-HOUSE DATASET, M1's hidden size: 1200=======
Surrogate model done
CV done
Results in tmp/cv_in-house_data/ffn_train.log
10-fold CV RMSE, MAE and R^2 for NN with a hidden representation: 3.3420550451030104 2.419086466684642 0.7740024858359424
********************************
======= In-HOUSE DATASET, M1's hidden size: 1200=======
Surrogate model done
CV done
Results in tmp/cv_in-house_data/ffn_train.log
10-fold CV RMSE, MAE and R^2 for NN with a hidden representation: 3.3456210510534823 2.4035922795231395 0.7731675386456278
********************************
======= In-HOUSE DATASET, M1's hidden size: 1200=======
Surrogate model done
CV done
Results in tmp/cv_in-house_data/ffn_train.log
10-fold CV RMSE, MAE and R^2 for NN with a hidden representation: 3.4448924336171 2.5189744447971147 0.7605085359187633
********************************
======= In-HOUSE DATASET, M1's hidden size: 1200=======
Surrogate model done
********************************
======= In-HOUSE DATASET, M1's hidden size: 1200=======
Surrogate model done
CV done
Results in tmp/cv_in-house_data/ffn_train.log
10-fold CV RMSE, MAE and R^2 for NN with a hidden representation: 3.4608487706011366 2.5333394378644636 0.7579901818867978
********************************
======= In-HOUSE DATASET, M1's hidden size: 1200=======
Surrogate model done
CV done
Results in tmp/cv_in-house_data/ffn_train.log
10-fold CV RMSE, MAE and R^2 for NN with a hidden representation: 3.4483609400059487 2.5142598369333364 0.7600807740089083
********************************
======= In-HOUSE DATASET, M1's hidden size: 1200=======
Surrogate model done
CV done
Results in tmp/cv_in-house_data/ffn_train.log
10-fold CV RMSE, MAE and R^2 for NN with a hidden representation: 3.405822301826164 2.4875191635869056 0.7655945920768351
********************************
======= In-HOUSE DATASET, M1's hidden size: 1200=======
Surrogate model done
CV done
Results in tmp/cv_in-house_data/ffn_train.log
10-fold CV RMSE, MAE and R^2 for NN with a hidden representation: 3.3871592876026155 2.470319985156692 0.7683422970701901
********************************
======= In-HOUSE DATASET, M1's hidden size: 1200=======
Surrogate model done
CV done
Results in tmp/cv_in-house_data/ffn_train.log
10-fold CV RMSE, MAE and R^2 for NN with a hidden representation: 3.3772473426919083 2.4575207141547413 0.7696673291112649
********************************
======= In-HOUSE DATASET, M1's hidden size: 1200=======
Surrogate model done
CV done
Results in tmp/cv_in-house_data/ffn_train.log
10-fold CV RMSE, MAE and R^2 for NN with a hidden representation: 3.3828649320870925 2.4619575997415004 0.7688786216647806
********************************
======= In-HOUSE DATASET, M1's hidden size: 1200=======
Surrogate model done
CV done
Results in tmp/cv_in-house_data/ffn_train.log
10-fold CV RMSE, MAE and R^2 for NN with a hidden representation: 3.3797898868729797 2.4599134401218974 0.7692352150916826
********************************
======= In-HOUSE DATASET, M1's hidden size: 1200=======
Surrogate model done
CV done
Results in tmp/cv_in-house_data/ffn_train.log
10-fold CV RMSE, MAE and R^2 for NN with a hidden representation: 3.4011629307570908 2.482318221075887 0.7658650504298061
********************************
======= In-HOUSE DATASET, M1's hidden size: 1200=======
Surrogate model done
CV done
Results in tmp/cv_in-house_data/ffn_train.log
10-fold CV RMSE, MAE and R^2 for NN with a hidden representation: 3.399800402952588 2.479717762522646 0.7664390562217764
********************************
======= In-HOUSE DATASET, M1's hidden size: 1200=======
Surrogate model done
CV done
Results in tmp/cv_in-house_data/ffn_train.log
10-fold CV RMSE, MAE and R^2 for NN with a hidden representation: 3.366128861144669 2.4402760228689706 0.7709805138782635
********************************
======= In-HOUSE DATASET, M1's hidden size: 1200=======
Surrogate model done
CV done
Results in tmp/cv_in-house_data/ffn_train.log
10-fold CV RMSE, MAE and R^2 for NN with a hidden representation: 3.347479386340602 2.4310603935397475 0.7733694480091329
********************************
======= In-HOUSE DATASET, M1's hidden size: 1200=======
Surrogate model done
CV done
Results in tmp/cv_in-house_data/ffn_train.log
10-fold CV RMSE, MAE and R^2 for NN with a hidden representation: 3.3493491405539353 2.4286631061502897 0.7734046382246899
********************************
======= In-HOUSE DATASET, M1's hidden size: 100=======
Surrogate model done
CV done
Results in tmp/cv_in-house_data/ffn_train.log
10-fold CV RMSE, MAE and R^2 for NN with a hidden representation: 3.7236353028740927 2.7065052633951687 0.7211601585021192
********************************
======= In-HOUSE DATASET, M1's hidden size: 100=======
Surrogate model done
CV done
Results in tmp/cv_in-house_data/ffn_train.log
10-fold CV RMSE, MAE and R^2 for NN with a hidden representation: 4.072481287278629 2.945822295229852 0.6650195304814938
********************************
======= RMechDB DATASET, M1's hidden size: 100 =======
Surrogate model done
CV done
Results in tmp/cv_rmechdb_data/ffn_train.log
10-fold CV RMSE, MAE and R^2 for NN with a hidden representation: 2.608728966732929 1.9812785050535056 0.6813163429616855
********************************
======= In-HOUSE DATASET M1 hidden_size=100 =======
Surrogate model done
CV done
Results in tmp/cv_own_dataset/ffn_train.log
10-fold CV RMSE, MAE and R^2 for NN with a learned-VB representation: 2.976067617663803 2.1282480360121605 0.8210905097115548
CV done
Results in tmp/cv_own_dataset_4/ffn_train.log
10-fold CV RMSE, MAE and R^2 for NN with a learned-VB representation and 4 ensembles: 2.962684716078324 2.1179095009241715 0.8227416533096574
********************************
======= TANTILLO DATASET  M1 hidden_size=100=======
Surrogate model done
RMSE, MAE and R^2 for linear regression: 1.3856755633718052 1.1157681239633528 0.14865008215842146
********************************
======= OMEGA DATASET M1 hidden_size=100 =======
Train set
RMSE, MAE and R^2 for linear regression: 1.3681493611331883 1.0708181324914177 0.7279543356157052
Test set
RMSE, MAE and R^2 for linear regression: 1.7300222575592148 1.3569595568358033 0.6052437084925555
RMSE, MAE, and R^2 for RF: 1.5428095420185164 1.3389016750735319 0.6860573558647587
4 ensembles and transfer learning
10-fold CV RMSE, MAE and R^2 for NN with a learned-VB representation: 1.6118564325645384 1.2886533278558252 0.6572738436659492
4 ensembles
10-fold CV RMSE, MAE and R^2 for NN with a learned-VB representation: 2.2395546518231386 1.8637679070820308 0.3362180516533883
1 ensemble
10-fold CV RMSE, MAE and R^2 for NN with a learned-VB representation: 2.2781467044298305 1.9071072324036027 0.3047167363035785
1 ensemble and transfer learning
10-fold CV RMSE, MAE and R^2 for NN with a learned-VB representation: 1.6140134398528982 1.2979175853442264 0.6546821931149948
RMSE, MAE and R^2 for linear regression: 1.782737503005268 1.3933513011043965 0.27188249597459846
RMSE, MAE, and R^2 for RF: 1.4110131418707148 1.0347902348878415 0.5438698418619916
Selectivity 4 ensemble
RMSE, MAE and R^2 for NN with a learned-VB representation: 1.215284893928197 1.0056790922242484 0.6616369979622247
Selectivity 1 ensemble
RMSE, MAE and R^2 for NN with a learned-VB representation: 1.1479280731584973 0.9392565563002868 0.6981049278813026
********************************
======= HONG DATASET M1 hidden_size=100 =======
Surrogate model done
CV done with 25 datapoints
Results in tmp/cv_hong_25/ffn_train.log
5-fold CV RMSE, MAE and R^2 for NN with a learned-VB representation and 25 datapoints: 3.680783534203118 2.782576729573967 0.42878281818534836
CV done with 25 datapoints, 4 ensembles and transfer learning
Results in tmp/cv_hong_25_4_TF/ffn_train.log
5-fold CV RMSE, MAE and R^2 for NN with a learned-VB representation, 25 datapoints, 4 ensembles and transfer learning: 2.1836550618492736 1.6355932514310616 0.7998116054044033
CV done with 50 datapoints
Results in tmp/cv_hong_50/ffn_train.log
5-fold CV RMSE, MAE and R^2 for NN with a learned-VB representation and 50 datapoints: 2.7395962052374934 2.0639268043199555 0.6776876431939981
CV done with 50 datapoints, 4 ensembles and transfer learning
Results in tmp/cv_hong_50_4_TF/ffn_train.log
5-fold CV RMSE, MAE and R^2 for NN with a learned-VB representation, 50 datapoints, 4 ensembles and transfer learning: 1.983897904582371 1.4330668418673214 0.8349051423445308
CV done with 100 datapoints
Results in tmp/cv_hong_100/ffn_train.log
5-fold CV RMSE, MAE and R^2 for NN with a learned-VB representation and 100 datapoints: 2.158796490514134 1.6026266148111734 0.8008589114296886
CV done with 100 datapoints, 4 ensembles and transfer learning
Results in tmp/cv_hong_100_4_TF/ffn_train.log
5-fold CV RMSE, MAE and R^2 for NN with a learned-VB representation, 100 datapoints, 4 ensembles and transfer learning: 1.881164416188224 1.3340381447413583 0.8515624958006904
CV done with 200 datapoints
Results in tmp/cv_hong_200/ffn_train.log
5-fold CV RMSE, MAE and R^2 for NN with a learned-VB representation and 200 datapoints: 1.6586264546853222 1.1492847729935425 0.8827823454476231
CV done with 200 datapoints, 4 ensembles and transfer learning
Results in tmp/cv_hong_200_4_TF/ffn_train.log
5-fold CV RMSE, MAE and R^2 for NN with a learned-VB representation, 200 datapoints, 4 ensembles and transfer learning: 1.664879327334937 1.143961168840343 0.883164001700386
CV done with 300 datapoints
Results in tmp/cv_hong_300/ffn_train.log
5-fold CV RMSE, MAE and R^2 for NN with a learned-VB representation and 300 datapoints: 1.6011777849967745 1.1087250756866383 0.890872086363548
CV done with 300 datapoints, 4 ensembles and transfer learning
Results in tmp/cv_hong_300_4_TF/ffn_train.log
5-fold CV RMSE, MAE and R^2 for NN with a learned-VB representation, 300 datapoints, 4 ensembles and transfer learning: 1.5941968937497664 1.0952831123334341 0.8927279174945912
CV done with 400 datapoints
Results in tmp/cv_hong_400/ffn_train.log
5-fold CV RMSE, MAE and R^2 for NN with a learned-VB representation and 400 datapoints: 1.5692363759429846 1.0723097357896978 0.8951174195180862
CV done with 400 datapoints, 4 ensembles and transfer learning
Results in tmp/cv_hong_400_4_TF/ffn_train.log
5-fold CV RMSE, MAE and R^2 for NN with a learned-VB representation, 400 datapoints, 4 ensembles and transfer learning: 1.5505448320397692 1.0626274255356962 0.8985444332893605
CV done
Results in tmp/cv_hong/ffn_train.log
5-fold CV RMSE, MAE and R^2 for NN with a learned-VB representation and all datapoints: 1.5692363759429846 1.0723097357896978 0.8951174195180862
CV done with 4 ensembles and transfer learning
Results in tmp/cv_hong_4/ffn_train.log
5-fold CV RMSE, MAE and R^2 for NN with a learned-VB representation, all datapoints, 4 ensembles and transfer learning:: 1.551451932380226 1.0512775314946938 0.8973689168217145
======== 5-fold CV with RF and AdaBoost ========
Datapoints: 25
AdaBoost with 50 descriptors
5-fold CV RMSE, MAE and R^2 for AdaBoost: 2.463797669726336 1.695627192982456 0.7025835480464012
Model with a learned-VB representation
5-fold CV RMSE, MAE and R^2 for RF: 2.4722767327366855 1.77906290726817 0.7322864517294796
Datapoints: 50
AdaBoost with 50 descriptors
5-fold CV RMSE, MAE and R^2 for AdaBoost: 1.756520476608081 1.18323708139277 0.8660183941025593
Model with a learned-VB representation
5-fold CV RMSE, MAE and R^2 for RF: 1.968015586499049 1.3428026613439783 0.8328066452203247
Datapoints: 100
AdaBoost with 50 descriptors
5-fold CV RMSE, MAE and R^2 for AdaBoost: 1.3113936831911341 0.9090055682105795 0.9268512148665737
Model with a learned-VB representation
5-fold CV RMSE, MAE and R^2 for RF: 1.7585878000402109 1.1789433561123766 0.8693662416020074
Datapoints: 200
AdaBoost with 50 descriptors
5-fold CV RMSE, MAE and R^2 for AdaBoost: 1.1185313636140406 0.7646236730360934 0.9451761542235593
Model with a learned-VB representation
5-fold CV RMSE, MAE and R^2 for RF: 1.5860958720543656 1.0028641188959662 0.8895211869185111
Datapoints: 300
AdaBoost with 50 descriptors
5-fold CV RMSE, MAE and R^2 for AdaBoost: 0.9662912309684039 0.673926807760141 0.9617256450013743
Model with a learned-VB representation
5-fold CV RMSE, MAE and R^2 for RF: 1.4805124831732135 0.9460670194003526 0.909105351934185
Datapoints: 400
AdaBoost with 50 descriptors
5-fold CV RMSE, MAE and R^2 for AdaBoost: 0.9371811622981309 0.6398804344008989 0.9631619493253272
Model with a learned-VB representation
5-fold CV RMSE, MAE and R^2 for RF: 1.4644355417501347 0.9376950221238936 0.90838533218583
AdaBoost with 50 descriptors
5-fold CV RMSE, MAE and R^2 for AdaBoost: 0.9374501544377839 0.6476710651074589 0.9631287610065378
Model with a learned-VB representation
5-fold CV RMSE, MAE and R^2 for RF: 1.4629908889913572 0.9340390960809097 0.9085351265760014
4 ensembles and transfer learning on Bietti Set
10-fold CV RMSE, MAE and R^2 for NN with a learned-VB representation: 0.8793601719594882 0.7478040906151187 0.1631239707490713
1 ensemble and transfer learning on Bietti Set
10-fold CV RMSE, MAE and R^2 for NN with a learned-VB representation: 1.0425122354140057 0.9213899417058062 -0.4139344325073374
Coefficient and intercept: [[0.64437013]]   [9.93684778]
RMSE, MAE and R^2: 1.1895194197608872   1.0522963331867816   -0.5705189552312606
Coefficient and intercept: [[0.48570892]]   [11.28993673]
RMSE, MAE and R^2: 1.172542062836355   1.0465408426667786   -1.6858119798631646
********************************
======= RMechDB DATASET M1 hidden_size=100=======
Surrogate model done
4 ensemble(s), batch_size: 64, random_state: 0
<<pure>> 10-fold CV RMSE, MAE and R^2 for NN with a learned-VB representation: 2.5578653823539645 2.070600134343105 0.6521391841650357
********************************
======= In-HOUSE DATASET, M1's hidden size: 200=======
Surrogate model done
CV done
Results in tmp/cv_in-house_data/ffn_train.log
10-fold CV RMSE, MAE and R^2 for NN with a hidden representation: 3.4814976407418237 2.540628485315622 0.7564436501220573
********************************
======= In-HOUSE DATASET, M1's hidden size: 200=======
Surrogate model done
CV done
Results in tmp/cv_in-house_data/ffn_train.log
10-fold CV RMSE, MAE and R^2 for NN with a hidden representation: 3.748636813562894 2.7650752141098005 0.7167645173495175
********************************
======= RMechDB DATASET, M1's hidden size: 200 =======
Surrogate model done
CV done
Results in tmp/cv_rmechdb_data/ffn_train.log
10-fold CV RMSE, MAE and R^2 for NN with a hidden representation: 2.6962953828968055 2.0681341030988714 0.6817978363502304
********************************
======= In-HOUSE DATASET M1 hidden_size=200 =======
Surrogate model done
CV done
Results in tmp/cv_own_dataset/ffn_train.log
10-fold CV RMSE, MAE and R^2 for NN with a learned-VB representation: 2.9134008082206453 2.0971535966616237 0.8293602817542913
CV done
Results in tmp/cv_own_dataset_4/ffn_train.log
10-fold CV RMSE, MAE and R^2 for NN with a learned-VB representation and 4 ensembles: 2.8859945718820343 2.0700478068780077 0.8328025450006546
********************************
======= TANTILLO DATASET  M1 hidden_size=200=======
Surrogate model done
RMSE, MAE and R^2 for linear regression: 1.4845897279618354 1.3076299897787569 0.022767538829641887
********************************
======= OMEGA DATASET M1 hidden_size=200 =======
Train set
RMSE, MAE and R^2 for linear regression: 1.4286289168965305 1.1136799092746432 0.7033709657487122
Test set
RMSE, MAE and R^2 for linear regression: 1.769641080323835 1.4441966755529303 0.5869562432413233
RMSE, MAE, and R^2 for RF: 1.7385739510935974 1.5544108796640925 0.6013314138668286
4 ensembles and transfer learning
10-fold CV RMSE, MAE and R^2 for NN with a learned-VB representation: 1.8646136523010752 1.5336856983597635 0.5412769527001923
4 ensembles
10-fold CV RMSE, MAE and R^2 for NN with a learned-VB representation: 2.106863196642892 1.7603027186973264 0.4131386108828122
1 ensemble
10-fold CV RMSE, MAE and R^2 for NN with a learned-VB representation: 2.082069315506704 1.721406241335035 0.4217976408796962
1 ensemble and transfer learning
10-fold CV RMSE, MAE and R^2 for NN with a learned-VB representation: 1.8619709015318946 1.5347188764324464 0.5397593940676374
RMSE, MAE and R^2 for linear regression: 2.193334339777619 1.628414040472389 -0.10213893928600282
RMSE, MAE, and R^2 for RF: 1.295027754390571 0.8944601570691113 0.6157757049838224
Selectivity 4 ensemble
RMSE, MAE and R^2 for NN with a learned-VB representation: 1.740001398002858 1.4427493172145676 0.3063732003112546
Selectivity 1 ensemble
RMSE, MAE and R^2 for NN with a learned-VB representation: 1.7256193936195872 1.4552466164259452 0.317792175450901
********************************
======= HONG DATASET M1 hidden_size=200 =======
Surrogate model done
CV done with 25 datapoints
Results in tmp/cv_hong_25/ffn_train.log
5-fold CV RMSE, MAE and R^2 for NN with a learned-VB representation and 25 datapoints: 3.5315709602421004 2.6826758732961737 0.474153548383322
CV done with 25 datapoints, 4 ensembles and transfer learning
Results in tmp/cv_hong_25_4_TF/ffn_train.log
5-fold CV RMSE, MAE and R^2 for NN with a learned-VB representation, 25 datapoints, 4 ensembles and transfer learning: 2.1706331914169854 1.6354526524531345 0.8024231296344537
CV done with 50 datapoints
Results in tmp/cv_hong_50/ffn_train.log
5-fold CV RMSE, MAE and R^2 for NN with a learned-VB representation and 50 datapoints: 2.3775285653034874 1.7579325595062372 0.7553526680807957
CV done with 50 datapoints, 4 ensembles and transfer learning
Results in tmp/cv_hong_50_4_TF/ffn_train.log
5-fold CV RMSE, MAE and R^2 for NN with a learned-VB representation, 50 datapoints, 4 ensembles and transfer learning: 1.9370912906598412 1.3938000638308925 0.8423989284270121
CV done with 100 datapoints
Results in tmp/cv_hong_100/ffn_train.log
5-fold CV RMSE, MAE and R^2 for NN with a learned-VB representation and 100 datapoints: 1.9357932219859268 1.3723733447726936 0.8403235080199959
CV done with 100 datapoints, 4 ensembles and transfer learning
Results in tmp/cv_hong_100_4_TF/ffn_train.log
5-fold CV RMSE, MAE and R^2 for NN with a learned-VB representation, 100 datapoints, 4 ensembles and transfer learning: 1.8411594304357894 1.3083136021959105 0.8576520511351265
CV done with 200 datapoints
Results in tmp/cv_hong_200/ffn_train.log
5-fold CV RMSE, MAE and R^2 for NN with a learned-VB representation and 200 datapoints: 1.693367824489338 1.1701894313513248 0.8780917528336335
CV done with 200 datapoints, 4 ensembles and transfer learning
Results in tmp/cv_hong_200_4_TF/ffn_train.log
5-fold CV RMSE, MAE and R^2 for NN with a learned-VB representation, 200 datapoints, 4 ensembles and transfer learning: 1.6545286234375378 1.1498196168469093 0.8847748695330644
CV done with 300 datapoints
Results in tmp/cv_hong_300/ffn_train.log
5-fold CV RMSE, MAE and R^2 for NN with a learned-VB representation and 300 datapoints: 1.62694933350847 1.1224643249724684 0.8878522332258519
CV done with 300 datapoints, 4 ensembles and transfer learning
Results in tmp/cv_hong_300_4_TF/ffn_train.log
5-fold CV RMSE, MAE and R^2 for NN with a learned-VB representation, 300 datapoints, 4 ensembles and transfer learning: 1.6080901131670704 1.1093562552923344 0.8911728613457053
CV done with 400 datapoints
Results in tmp/cv_hong_400/ffn_train.log
5-fold CV RMSE, MAE and R^2 for NN with a learned-VB representation and 400 datapoints: 1.5736655317135568 1.0793207377247016 0.8952394720750766
CV done with 400 datapoints, 4 ensembles and transfer learning
Results in tmp/cv_hong_400_4_TF/ffn_train.log
5-fold CV RMSE, MAE and R^2 for NN with a learned-VB representation, 400 datapoints, 4 ensembles and transfer learning: 1.5721640553631757 1.0826507248151886 0.8960844088986363
CV done
Results in tmp/cv_hong/ffn_train.log
5-fold CV RMSE, MAE and R^2 for NN with a learned-VB representation and all datapoints: 1.5736655317135568 1.0793207377247016 0.8952394720750766
CV done with 4 ensembles and transfer learning
Results in tmp/cv_hong_4/ffn_train.log
5-fold CV RMSE, MAE and R^2 for NN with a learned-VB representation, all datapoints, 4 ensembles and transfer learning:: 1.5635553452364417 1.0651775589201764 0.8964791160378047
======== 5-fold CV with RF and AdaBoost ========
Datapoints: 25
AdaBoost with 50 descriptors
5-fold CV RMSE, MAE and R^2 for AdaBoost: 2.5149736142753327 1.7247466583124478 0.6862924975913731
Model with a learned-VB representation
5-fold CV RMSE, MAE and R^2 for RF: 2.7697517765108173 1.9691682957393475 0.6581825410934669
Datapoints: 50
AdaBoost with 50 descriptors
5-fold CV RMSE, MAE and R^2 for AdaBoost: 1.762283587492874 1.1870757374140608 0.8651020883792311
Model with a learned-VB representation
5-fold CV RMSE, MAE and R^2 for RF: 2.0872738424102804 1.4305489021956084 0.8114674410436358
Datapoints: 100
AdaBoost with 50 descriptors
5-fold CV RMSE, MAE and R^2 for AdaBoost: 1.3263994249712519 0.9180115160718805 0.9250677172777392
Model with a learned-VB representation
5-fold CV RMSE, MAE and R^2 for RF: 1.7611620065274223 1.204295975702354 0.8688217775903826
Datapoints: 200
AdaBoost with 50 descriptors
5-fold CV RMSE, MAE and R^2 for AdaBoost: 1.1102193620719678 0.7598855272469921 0.9459272210563325
Model with a learned-VB representation
5-fold CV RMSE, MAE and R^2 for RF: 1.6800684402785826 1.0812273885350319 0.876350304107851
Datapoints: 300
AdaBoost with 50 descriptors
5-fold CV RMSE, MAE and R^2 for AdaBoost: 0.9724041734755751 0.6768883009994122 0.961231497443239
Model with a learned-VB representation
5-fold CV RMSE, MAE and R^2 for RF: 1.5652287035062908 1.0102405643738976 0.8992604909061545
Datapoints: 400
AdaBoost with 50 descriptors
5-fold CV RMSE, MAE and R^2 for AdaBoost: 0.9295170288650096 0.6378686701081612 0.9637529126993973
Model with a learned-VB representation
5-fold CV RMSE, MAE and R^2 for RF: 1.5447955796537787 0.9853154551201018 0.8988285432762677
AdaBoost with 50 descriptors
5-fold CV RMSE, MAE and R^2 for AdaBoost: 0.9318385414877994 0.640318364587723 0.9635628522216393
Model with a learned-VB representation
5-fold CV RMSE, MAE and R^2 for RF: 1.5416447748759878 0.9808878476611886 0.8993745099997419
4 ensembles and transfer learning on Bietti Set
10-fold CV RMSE, MAE and R^2 for NN with a learned-VB representation: 0.7847855110155011 0.6554950522884446 0.3696443160221957
1 ensemble and transfer learning on Bietti Set
10-fold CV RMSE, MAE and R^2 for NN with a learned-VB representation: 0.9226005958890757 0.7861657932133813 -0.28161077444386473
Coefficient and intercept: [[0.54173838]]   [11.67066]
RMSE, MAE and R^2: 0.94726045350177   0.827078594633886   -0.40906332115514843
Coefficient and intercept: [[0.47886066]]   [12.2970928]
RMSE, MAE and R^2: 1.0516599704054013   0.9164316623789732   -1.2228147431614795
********************************
======= RMechDB DATASET M1 hidden_size=200=======
Surrogate model done
4 ensemble(s), batch_size: 64, random_state: 0
<<pure>> 10-fold CV RMSE, MAE and R^2 for NN with a learned-VB representation: 2.675677032867168 2.2332137623385795 0.6150064903835182
********************************
======= In-HOUSE DATASET, M1's hidden size: 300=======
