2025-02-20 13:42:12,189 INFO: Args:
!!python/object:argparse.Namespace
batch_size: 64
csv_file: null
data_path: tmp/input_ffnn_hidden.pkl
debug: false
delta_ML: false
dropout: 0.0
ensemble_size: 4
features:
- rad_atom1_hidden
- rad_atom2_hidden
gpu: true
hidden_size: 1024
host: 127.0.0.1
k_fold: 5
layers: 1
learning_rate: 0.0277
lr_ratio: 0.95
max_epochs: 100
mode: client
port: 57546
pred_file: null
random_state: 0
rxn_id_column: rxn_id
sample: null
save_dir: tmp/cv_hong_data
splits:
- 80
- 10
- 10
target_column: DG_TS
test_set_path: null
train_valid_set_path: null
trained_dir: null
transfer_learning: false

2025-02-20 13:42:12,189 INFO: Training the 0th iteration...
2025-02-20 13:42:12,189 INFO: Training of model 0 started...
2025-02-20 13:42:12,191 INFO:  Size train set: 339 - size validation set: 113 - size test set: 112
2025-02-20 13:42:22,836 INFO: Training of model 1 started...
2025-02-20 13:42:22,840 INFO:  Size train set: 339 - size validation set: 113 - size test set: 112
2025-02-20 13:42:28,603 INFO: Training of model 2 started...
2025-02-20 13:42:28,604 INFO:  Size train set: 339 - size validation set: 113 - size test set: 112
2025-02-20 13:42:34,604 INFO: Training of model 3 started...
2025-02-20 13:42:34,606 INFO:  Size train set: 339 - size validation set: 113 - size test set: 112
2025-02-20 13:42:38,406 INFO: success rate for iter 0 - activation energy: 0.8527638397788232, 0.5959451647095879, 0.9618581903403323
2025-02-20 13:42:38,406 INFO: Training the 1th iteration...
2025-02-20 13:42:38,406 INFO: Training of model 0 started...
2025-02-20 13:42:38,407 INFO:  Size train set: 338 - size validation set: 113 - size test set: 113
2025-02-20 13:42:43,471 INFO: Training of model 1 started...
2025-02-20 13:42:43,472 INFO:  Size train set: 338 - size validation set: 113 - size test set: 113
2025-02-20 13:42:48,847 INFO: Training of model 2 started...
2025-02-20 13:42:48,848 INFO:  Size train set: 338 - size validation set: 113 - size test set: 113
2025-02-20 13:42:52,412 INFO: Training of model 3 started...
2025-02-20 13:42:52,413 INFO:  Size train set: 338 - size validation set: 113 - size test set: 113
2025-02-20 13:42:55,173 INFO: success rate for iter 1 - activation energy: 0.7261716455962036, 0.5550581008423855, 0.9776246487872392
2025-02-20 13:42:55,174 INFO: Training the 2th iteration...
2025-02-20 13:42:55,174 INFO: Training of model 0 started...
2025-02-20 13:42:55,175 INFO:  Size train set: 338 - size validation set: 113 - size test set: 113
2025-02-20 13:43:00,239 INFO: Training of model 1 started...
2025-02-20 13:43:00,241 INFO:  Size train set: 338 - size validation set: 113 - size test set: 113
2025-02-20 13:43:06,271 INFO: Training of model 2 started...
2025-02-20 13:43:06,272 INFO:  Size train set: 338 - size validation set: 113 - size test set: 113
2025-02-20 13:43:09,567 INFO: Training of model 3 started...
2025-02-20 13:43:09,568 INFO:  Size train set: 338 - size validation set: 113 - size test set: 113
2025-02-20 13:43:12,804 INFO: success rate for iter 2 - activation energy: 0.8547245076811353, 0.6070834988965619, 0.9756439609398457
2025-02-20 13:43:12,804 INFO: Training the 3th iteration...
2025-02-20 13:43:12,805 INFO: Training of model 0 started...
2025-02-20 13:43:12,806 INFO:  Size train set: 338 - size validation set: 113 - size test set: 113
2025-02-20 13:43:24,282 INFO: Training of model 1 started...
2025-02-20 13:43:24,283 INFO:  Size train set: 338 - size validation set: 113 - size test set: 113
2025-02-20 13:43:32,493 INFO: Training of model 2 started...
2025-02-20 13:43:32,494 INFO:  Size train set: 338 - size validation set: 113 - size test set: 113
2025-02-20 13:43:36,251 INFO: Training of model 3 started...
2025-02-20 13:43:36,252 INFO:  Size train set: 338 - size validation set: 113 - size test set: 113
2025-02-20 13:43:40,147 INFO: success rate for iter 3 - activation energy: 0.715516378692485, 0.5251377823655875, 0.9681116336742421
2025-02-20 13:43:40,148 INFO: Training the 4th iteration...
2025-02-20 13:43:40,148 INFO: Training of model 0 started...
2025-02-20 13:43:40,149 INFO:  Size train set: 338 - size validation set: 113 - size test set: 113
2025-02-20 13:43:45,408 INFO: Training of model 1 started...
2025-02-20 13:43:45,409 INFO:  Size train set: 338 - size validation set: 113 - size test set: 113
2025-02-20 13:43:51,589 INFO: Training of model 2 started...
2025-02-20 13:43:51,590 INFO:  Size train set: 338 - size validation set: 113 - size test set: 113
2025-02-20 13:43:56,004 INFO: Training of model 3 started...
2025-02-20 13:43:56,005 INFO:  Size train set: 338 - size validation set: 113 - size test set: 113
2025-02-20 13:43:59,280 INFO: success rate for iter 4 - activation energy: 0.9974445792885492, 0.6816215556804442, 0.9655701921475753
2025-02-20 13:43:59,280 INFO: RMSE for 5-fold cross-validation - DG_TS: 0.8293241902074392
MAE for 5-fold cross-validation - DG_TS: 0.5929692204989134
R2 for 5-fold cross-validation - DG_TS: 0.969761725177847
